"D:/UnrealProjects/GameOff2021/Content/Widgets/LadyPingusPose.uasset" 0
"D:/UnrealProjects/GameOff2021/Content/Widgets/LadyPingusPose.uexp" 1
"D:/UnrealProjects/GameOff2021/Content/Widgets/PingusPoseFlipped.uasset" 2
"D:/UnrealProjects/GameOff2021/Content/Widgets/PingusPoseFlipped.uexp" 3
"D:/UnrealProjects/GameOff2021/Content/Widgets/PingusPose.uasset" 4
"D:/UnrealProjects/GameOff2021/Content/Widgets/PingusPose.uexp" 5
"D:/UnrealProjects/GameOff2021/Content/Widgets/LadyPingusPoseFlipped.uasset" 6
"D:/UnrealProjects/GameOff2021/Content/Widgets/LadyPingusPoseFlipped.uexp" 7
"D:/UnrealProjects/GameOff2021/Content/Widgets/Earth.uasset" 8
"D:/UnrealProjects/GameOff2021/Content/Widgets/Earth.uexp" 9
"D:/UnrealProjects/GameOff2021/Content/Widgets/Button.uasset" 10
"D:/UnrealProjects/GameOff2021/Content/Widgets/Button.uexp" 11
"D:/UnrealProjects/GameOff2021/Content/Fonts/04B_30__.uasset" 12
"D:/UnrealProjects/GameOff2021/Content/Fonts/04B_30__.uexp" 13
"D:/UnrealProjects/GameOff2021/Content/Fonts/04B_30__.ufont" 14
"D:/UnrealProjects/GameOff2021/Content/Fonts/04B_30___Font.uasset" 15
"D:/UnrealProjects/GameOff2021/Content/Fonts/04B_30___Font.uexp" 16
"D:/UnrealProjects/GameOff2021/Content/Widgets/WB_MainMenu_3.uasset" 17
"D:/UnrealProjects/GameOff2021/Content/Widgets/WB_MainMenu_3.uexp" 18
"../../../Engine/Content/Functions/Engine_MaterialFunctions01/Density/ExponentialDensity.uasset" 19
"../../../Engine/Content/Functions/Engine_MaterialFunctions01/Density/ExponentialDensity.uexp" 20
"../../../Engine/Content/Functions/Engine_MaterialFunctions01/Gradient/RadialGradientExponential.uasset" 21
"../../../Engine/Content/Functions/Engine_MaterialFunctions01/Gradient/RadialGradientExponential.uexp" 22
"D:/UnrealProjects/GameOff2021/Content/Widgets/M_DeathScreenMaterial.uasset" 23
"D:/UnrealProjects/GameOff2021/Content/Widgets/M_DeathScreenMaterial.uexp" 24
"D:/UnrealProjects/GameOff2021/Content/Widgets/M_DeathScreenMaterial_Inst.uasset" 25
"D:/UnrealProjects/GameOff2021/Content/Widgets/M_DeathScreenMaterial_Inst.uexp" 26
"D:/UnrealProjects/GameOff2021/Content/Widgets/WB_PlayerDeathScreen.uasset" 27
"D:/UnrealProjects/GameOff2021/Content/Widgets/WB_PlayerDeathScreen.uexp" 28
"../../../Engine/Content/EngineMaterials/T_Default_Material_Grid_N.uasset" 29
"../../../Engine/Content/EngineMaterials/T_Default_Material_Grid_N.uexp" 30
"../../../Engine/Content/EngineMaterials/T_Default_Material_Grid_N.ubulk" 31
"../../../Engine/Content/EngineMaterials/T_Default_Material_Grid_M.uasset" 32
"../../../Engine/Content/EngineMaterials/T_Default_Material_Grid_M.uexp" 33
"../../../Engine/Content/EngineMaterials/T_Default_Material_Grid_M.ubulk" 34
"../../../Engine/Content/Functions/Engine_MaterialFunctions01/Opacity/CameraDepthFade.uasset" 35
"../../../Engine/Content/Functions/Engine_MaterialFunctions01/Opacity/CameraDepthFade.uexp" 36
"../../../Engine/Content/EngineMaterials/WorldGridMaterial.uasset" 37
"../../../Engine/Content/EngineMaterials/WorldGridMaterial.uexp" 38
"../../../Engine/Content/ArtTools/RenderToTexture/Meshes/S_1_Unit_Plane.uasset" 39
"../../../Engine/Content/ArtTools/RenderToTexture/Meshes/S_1_Unit_Plane.uexp" 40
"../../../Engine/Content/EngineMaterials/DefaultMaterial.uasset" 41
"../../../Engine/Content/EngineMaterials/DefaultMaterial.uexp" 42
"../../../Engine/Content/BasicShapes/Cone.uasset" 43
"../../../Engine/Content/BasicShapes/Cone.uexp" 44
"../../../Engine/Content/EngineDamageTypes/DmgTypeBP_Environmental.uasset" 45
"../../../Engine/Content/EngineDamageTypes/DmgTypeBP_Environmental.uexp" 46
"../../../Engine/Content/EngineDebugMaterials/DebugEditorMaterial.uasset" 47
"../../../Engine/Content/EngineDebugMaterials/DebugEditorMaterial.uexp" 48
"../../../Engine/Content/EngineDebugMaterials/DebugMeshMaterial.uasset" 49
"../../../Engine/Content/EngineDebugMaterials/DebugMeshMaterial.uexp" 50
"../../../Engine/Content/EngineDebugMaterials/M_SimpleUnlitTranslucent.uasset" 51
"../../../Engine/Content/EngineDebugMaterials/M_SimpleUnlitTranslucent.uexp" 52
"../../../Engine/Content/EngineDebugMaterials/VolumeToRender.uasset" 53
"../../../Engine/Content/EngineDebugMaterials/VolumeToRender.uexp" 54
"../../../Engine/Content/Functions/Engine_MaterialFunctions02/Utility/CameraDirectionVector.uasset" 55
"../../../Engine/Content/Functions/Engine_MaterialFunctions02/Utility/CameraDirectionVector.uexp" 56
"../../../Engine/Content/EngineDebugMaterials/M_VolumeRenderSphereTracePP.uasset" 57
"../../../Engine/Content/EngineDebugMaterials/M_VolumeRenderSphereTracePP.uexp" 58
"../../../Engine/Content/Functions/Engine_MaterialFunctions01/Shading/ConvertFromDiffSpec.uasset" 59
"../../../Engine/Content/Functions/Engine_MaterialFunctions01/Shading/ConvertFromDiffSpec.uexp" 60
"../../../Engine/Content/EngineDebugMaterials/VertexColorMaterial.uasset" 61
"../../../Engine/Content/EngineDebugMaterials/VertexColorMaterial.uexp" 62
"../../../Engine/Content/EngineDebugMaterials/WireframeMaterial.uasset" 63
"../../../Engine/Content/EngineDebugMaterials/WireframeMaterial.uexp" 64
"../../../Engine/Content/EngineFonts/Faces/RobotoRegular.uasset" 65
"../../../Engine/Content/EngineFonts/Faces/RobotoRegular.uexp" 66
"../../../Engine/Content/EngineFonts/Faces/RobotoRegular.ufont" 67
"../../../Engine/Content/EngineFonts/Faces/RobotoLight.uasset" 68
"../../../Engine/Content/EngineFonts/Faces/RobotoLight.uexp" 69
"../../../Engine/Content/EngineFonts/Faces/RobotoLight.ufont" 70
"../../../Engine/Content/EngineFonts/Faces/RobotoItalic.uasset" 71
"../../../Engine/Content/EngineFonts/Faces/RobotoItalic.uexp" 72
"../../../Engine/Content/EngineFonts/Faces/RobotoItalic.ufont" 73
"../../../Engine/Content/EngineFonts/Faces/RobotoBoldItalic.uasset" 74
"../../../Engine/Content/EngineFonts/Faces/RobotoBoldItalic.uexp" 75
"../../../Engine/Content/EngineFonts/Faces/RobotoBoldItalic.ufont" 76
"../../../Engine/Content/EngineFonts/Faces/RobotoBold.uasset" 77
"../../../Engine/Content/EngineFonts/Faces/RobotoBold.uexp" 78
"../../../Engine/Content/EngineFonts/Faces/RobotoBold.ufont" 79
"../../../Engine/Content/EngineFonts/Faces/DroidSansFallback.uasset" 80
"../../../Engine/Content/EngineFonts/Faces/DroidSansFallback.uexp" 81
"../../../Engine/Content/EngineFonts/Faces/DroidSansFallback.ufont" 82
"../../../Engine/Content/EngineFonts/Roboto.uasset" 83
"../../../Engine/Content/EngineFonts/Roboto.uexp" 84
"../../../Engine/Content/EngineMaterials/BaseFlattenNormalMap.uasset" 85
"../../../Engine/Content/EngineMaterials/BaseFlattenNormalMap.uexp" 86
"../../../Engine/Content/EngineMaterials/BaseFlattenGrayscaleMap.uasset" 87
"../../../Engine/Content/EngineMaterials/BaseFlattenGrayscaleMap.uexp" 88
"../../../Engine/Content/EngineMaterials/BaseFlattenEmissiveMap.uasset" 89
"../../../Engine/Content/EngineMaterials/BaseFlattenEmissiveMap.uexp" 90
"../../../Engine/Content/EngineMaterials/BaseFlattenDiffuseMap.uasset" 91
"../../../Engine/Content/EngineMaterials/BaseFlattenDiffuseMap.uexp" 92
"../../../Engine/Content/EngineMaterials/BaseFlattenMaterial.uasset" 93
"../../../Engine/Content/EngineMaterials/BaseFlattenMaterial.uexp" 94
"../../../Engine/Content/EngineMaterials/BlueNoise.uasset" 95
"../../../Engine/Content/EngineMaterials/BlueNoise.uexp" 96
"../../../Engine/Content/EngineMaterials/DefaultBloomKernel.uasset" 97
"../../../Engine/Content/EngineMaterials/DefaultBloomKernel.uexp" 98
"../../../Engine/Content/EngineMaterials/DefaultBokeh.uasset" 99
"../../../Engine/Content/EngineMaterials/DefaultBokeh.uexp" 100
"../../../Engine/Content/EngineMaterials/DefaultDiffuse.uasset" 101
"../../../Engine/Content/EngineMaterials/DefaultDiffuse.uexp" 102
"../../../Engine/Content/EngineMaterials/DefaultDiffuse.ubulk" 103
"../../../Engine/Content/EngineMaterials/DefaultDeferredDecalMaterial.uasset" 104
"../../../Engine/Content/EngineMaterials/DefaultDeferredDecalMaterial.uexp" 105
"../../../Engine/Content/EngineMaterials/DefaultLightFunctionMaterial.uasset" 106
"../../../Engine/Content/EngineMaterials/DefaultLightFunctionMaterial.uexp" 107
"../../../Engine/Content/EngineMaterials/DefaultPhysicalMaterial.uasset" 108
"../../../Engine/Content/EngineMaterials/DefaultPhysicalMaterial.uexp" 109
"../../../Engine/Content/Functions/Engine_MaterialFunctions02/Utility/BreakOutFloat2Components.uasset" 110
"../../../Engine/Content/Functions/Engine_MaterialFunctions02/Utility/BreakOutFloat2Components.uexp" 111
"../../../Engine/Content/EngineMaterials/DefaultPostProcessMaterial.uasset" 112
"../../../Engine/Content/EngineMaterials/DefaultPostProcessMaterial.uexp" 113
"../../../Engine/Content/EngineFonts/RobotoDistanceField.uasset" 114
"../../../Engine/Content/EngineFonts/RobotoDistanceField.uexp" 115
"../../../Engine/Content/EngineMaterials/DefaultTextMaterialOpaque.uasset" 116
"../../../Engine/Content/EngineMaterials/DefaultTextMaterialOpaque.uexp" 117
"../../../Engine/Content/EngineMaterials/DefaultWhiteGrid.uasset" 118
"../../../Engine/Content/EngineMaterials/DefaultWhiteGrid.uexp" 119
"../../../Engine/Content/EngineMaterials/DefaultWhiteGrid.ubulk" 120
"../../../Engine/Content/EngineMaterials/DefaultWhiteGrid_Low.uasset" 121
"../../../Engine/Content/EngineMaterials/DefaultWhiteGrid_Low.uexp" 122
"../../../Engine/Content/EngineMaterials/EmissiveMeshMaterial.uasset" 123
"../../../Engine/Content/EngineMaterials/EmissiveMeshMaterial.uexp" 124
"../../../Engine/Content/EngineMaterials/GizmoMaterial.uasset" 125
"../../../Engine/Content/EngineMaterials/GizmoMaterial.uexp" 126
"../../../Engine/Content/EngineMaterials/Good64x64TilingNoiseHighFreq.uasset" 127
"../../../Engine/Content/EngineMaterials/Good64x64TilingNoiseHighFreq.uexp" 128
"../../../Engine/Content/EngineMaterials/MiniFont.uasset" 129
"../../../Engine/Content/EngineMaterials/MiniFont.uexp" 130
"../../../Engine/Content/EngineMaterials/InvalidLightmapSettings.uasset" 131
"../../../Engine/Content/EngineMaterials/InvalidLightmapSettings.uexp" 132
"../../../Engine/Content/EngineMaterials/InvalidLightmapSettings.ubulk" 133
"../../../Engine/Content/EngineMaterials/M_InvalidLightmapSettings.uasset" 134
"../../../Engine/Content/EngineMaterials/M_InvalidLightmapSettings.uexp" 135
"../../../Engine/Content/Functions/Engine_MaterialFunctions02/WorldPositionOffset/CameraOffset.uasset" 136
"../../../Engine/Content/Functions/Engine_MaterialFunctions02/WorldPositionOffset/CameraOffset.uexp" 137
"../../../Engine/Content/EngineMaterials/PhAT_JointLimitMaterial.uasset" 138
"../../../Engine/Content/EngineMaterials/PhAT_JointLimitMaterial.uexp" 139
"../../../Engine/Content/EngineMaterials/DefaultCalibrationColor.uasset" 140
"../../../Engine/Content/EngineMaterials/DefaultCalibrationColor.uexp" 141
"../../../Engine/Content/EngineMaterials/PPM_DefaultCalibrationColor.uasset" 142
"../../../Engine/Content/EngineMaterials/PPM_DefaultCalibrationColor.uexp" 143
"../../../Engine/Content/EngineMaterials/DefaultCalibrationGrayscale.uasset" 144
"../../../Engine/Content/EngineMaterials/DefaultCalibrationGrayscale.uexp" 145
"../../../Engine/Content/EngineMaterials/PPM_DefaultCalibrationGrayscale.uasset" 146
"../../../Engine/Content/EngineMaterials/PPM_DefaultCalibrationGrayscale.uexp" 147
"../../../Engine/Content/EngineMaterials/PreintegratedSkinBRDF.uasset" 148
"../../../Engine/Content/EngineMaterials/PreintegratedSkinBRDF.uexp" 149
"../../../Engine/Content/EngineMaterials/RemoveSurfaceMaterial.uasset" 150
"../../../Engine/Content/EngineMaterials/RemoveSurfaceMaterial.uexp" 151
"../../../Engine/Content/EngineMaterials/WeightMapPlaceholderTexture.uasset" 152
"../../../Engine/Content/EngineMaterials/WeightMapPlaceholderTexture.uexp" 153
"../../../Engine/Content/EngineResources/WhiteSquareTexture.uasset" 154
"../../../Engine/Content/EngineResources/WhiteSquareTexture.uexp" 155
"../../../Engine/Content/EngineMaterials/Widget3DPassThrough.uasset" 156
"../../../Engine/Content/EngineMaterials/Widget3DPassThrough.uexp" 157
"../../../Engine/Content/EngineMaterials/Widget3DPassThrough_Masked.uasset" 158
"../../../Engine/Content/EngineMaterials/Widget3DPassThrough_Masked.uexp" 159
"../../../Engine/Content/EngineMaterials/Widget3DPassThrough_Opaque.uasset" 160
"../../../Engine/Content/EngineMaterials/Widget3DPassThrough_Opaque.uexp" 161
"../../../Engine/Content/EngineMaterials/Widget3DPassThrough_Masked_OneSided.uasset" 162
"../../../Engine/Content/EngineMaterials/Widget3DPassThrough_Masked_OneSided.uexp" 163
"../../../Engine/Content/EngineMaterials/Widget3DPassThrough_Opaque_OneSided.uasset" 164
"../../../Engine/Content/EngineMaterials/Widget3DPassThrough_Opaque_OneSided.uexp" 165
"../../../Engine/Content/EngineMaterials/Widget3DPassThrough_Translucent.uasset" 166
"../../../Engine/Content/EngineMaterials/Widget3DPassThrough_Translucent.uexp" 167
"../../../Engine/Content/EngineMaterials/Widget3DPassThrough_Translucent_OneSided.uasset" 168
"../../../Engine/Content/EngineMaterials/Widget3DPassThrough_Translucent_OneSided.uexp" 169
"../../../Engine/Content/EngineMeshes/Cylinder.uasset" 170
"../../../Engine/Content/EngineMeshes/Cylinder.uexp" 171
"../../../Engine/Content/EngineMeshes/Sphere.uasset" 172
"../../../Engine/Content/EngineMeshes/Sphere.uexp" 173
"../../../Engine/Content/EngineResources/DefaultTexture.uasset" 174
"../../../Engine/Content/EngineResources/DefaultTexture.uexp" 175
"../../../Engine/Content/EngineResources/DefaultTexture.ubulk" 176
"../../../Engine/Content/EngineResources/DefaultTextureCube.uasset" 177
"../../../Engine/Content/EngineResources/DefaultTextureCube.uexp" 178
"../../../Engine/Content/EngineResources/DefaultVolumeTexture2D.uasset" 179
"../../../Engine/Content/EngineResources/DefaultVolumeTexture2D.uexp" 180
"../../../Engine/Content/EngineResources/DefaultVolumeTexture.uasset" 181
"../../../Engine/Content/EngineResources/DefaultVolumeTexture.uexp" 182
"../../../Engine/Content/EngineResources/GradientTexture0.uasset" 183
"../../../Engine/Content/EngineResources/GradientTexture0.uexp" 184
"../../../Engine/Content/EngineSky/VolumetricClouds/T_NoiseShape64.uasset" 185
"../../../Engine/Content/EngineSky/VolumetricClouds/T_NoiseShape64.uexp" 186
"../../../Engine/Content/EngineSky/VolumetricClouds/T_NoiseShape64.ubulk" 187
"../../../Engine/Content/EngineSky/VolumetricClouds/T_VolumeNoiseShape64.uasset" 188
"../../../Engine/Content/EngineSky/VolumetricClouds/T_VolumeNoiseShape64.uexp" 189
"../../../Engine/Content/EngineSky/VolumetricClouds/T_NoiseErosion.uasset" 190
"../../../Engine/Content/EngineSky/VolumetricClouds/T_NoiseErosion.uexp" 191
"../../../Engine/Content/EngineSky/VolumetricClouds/T_NoiseErosion.ubulk" 192
"../../../Engine/Content/EngineSky/VolumetricClouds/T_VolumeNoiseErosion32.uasset" 193
"../../../Engine/Content/EngineSky/VolumetricClouds/T_VolumeNoiseErosion32.uexp" 194
"../../../Engine/Content/EngineSky/VolumetricClouds/CloudWeatherTexture.uasset" 195
"../../../Engine/Content/EngineSky/VolumetricClouds/CloudWeatherTexture.uexp" 196
"../../../Engine/Content/EngineSky/VolumetricClouds/CloudGradientTexture.uasset" 197
"../../../Engine/Content/EngineSky/VolumetricClouds/CloudGradientTexture.uexp" 198
"../../../Engine/Content/Functions/Engine_MaterialFunctions02/Utility/MakeFloat2.uasset" 199
"../../../Engine/Content/Functions/Engine_MaterialFunctions02/Utility/MakeFloat2.uexp" 200
"../../../Engine/Content/EngineSky/VolumetricClouds/m_SimpleVolumetricCloud.uasset" 201
"../../../Engine/Content/EngineSky/VolumetricClouds/m_SimpleVolumetricCloud.uexp" 202
"../../../Engine/Content/EngineSky/VolumetricClouds/m_SimpleVolumetricCloud_Inst.uasset" 203
"../../../Engine/Content/EngineSky/VolumetricClouds/m_SimpleVolumetricCloud_Inst.uexp" 204
"../../../Engine/Content/EngineSounds/Master.uasset" 205
"../../../Engine/Content/EngineSounds/Master.uexp" 206
"../../../Engine/Content/Functions/Engine_MaterialFunctions01/Shading/PowerToRoughness.uasset" 207
"../../../Engine/Content/Functions/Engine_MaterialFunctions01/Shading/PowerToRoughness.uexp" 208
"../../../Engine/Content/Maps/Templates/Thumbnails/Default.uasset" 209
"../../../Engine/Content/Maps/Templates/Thumbnails/Default.uexp" 210
"../../../Engine/Content/Maps/Templates/Thumbnails/TimeOfDay.uasset" 211
"../../../Engine/Content/Maps/Templates/Thumbnails/TimeOfDay.uexp" 212
"../../../Engine/Content/Maps/Templates/Thumbnails/VR-Basic.uasset" 213
"../../../Engine/Content/Maps/Templates/Thumbnails/VR-Basic.uexp" 214
"../../../Engine/Content/MobileResources/T_MobileControls_texture.uasset" 215
"../../../Engine/Content/MobileResources/T_MobileControls_texture.uexp" 216
"../../../Engine/Content/MobileResources/T_MobileMenu2.uasset" 217
"../../../Engine/Content/MobileResources/T_MobileMenu2.uexp" 218
"../../../Engine/Content/MobileResources/HUD/AnalogHat.uasset" 219
"../../../Engine/Content/MobileResources/HUD/AnalogHat.uexp" 220
"../../../Engine/Content/MobileResources/HUD/VirtualJoystick_Thumb.uasset" 221
"../../../Engine/Content/MobileResources/HUD/VirtualJoystick_Thumb.uexp" 222
"../../../Engine/Content/MobileResources/HUD/VirtualJoystick_Background.uasset" 223
"../../../Engine/Content/MobileResources/HUD/VirtualJoystick_Background.uexp" 224
"../../../Engine/Content/MobileResources/HUD/DefaultVirtualJoysticks.uasset" 225
"../../../Engine/Content/MobileResources/HUD/DefaultVirtualJoysticks.uexp" 226
"../../../Engine/Content/MobileResources/HUD/LeftVirtualJoystickOnly.uasset" 227
"../../../Engine/Content/MobileResources/HUD/LeftVirtualJoystickOnly.uexp" 228
"../../../Engine/Content/MobileResources/HUD/MobileHUDButton1_off.uasset" 229
"../../../Engine/Content/MobileResources/HUD/MobileHUDButton1_off.uexp" 230
"../../../Engine/Content/MobileResources/HUD/MobileHUDButton1_on.uasset" 231
"../../../Engine/Content/MobileResources/HUD/MobileHUDButton1_on.uexp" 232
"../../../Engine/Content/MobileResources/HUD/MobileHUDButton2_off.uasset" 233
"../../../Engine/Content/MobileResources/HUD/MobileHUDButton2_off.uexp" 234
"../../../Engine/Content/MobileResources/HUD/MobileHUDButton2_on.uasset" 235
"../../../Engine/Content/MobileResources/HUD/MobileHUDButton2_on.uexp" 236
"../../../Engine/Content/MobileResources/HUD/MobileHUDButton3.uasset" 237
"../../../Engine/Content/MobileResources/HUD/MobileHUDButton3.uexp" 238
"../../../Engine/Content/MobileResources/HUD/MobileHUDButtonFire.uasset" 239
"../../../Engine/Content/MobileResources/HUD/MobileHUDButtonFire.uexp" 240
"../../../Engine/Content/MobileResources/HUD/MobileHUDDirectionPad.uasset" 241
"../../../Engine/Content/MobileResources/HUD/MobileHUDDirectionPad.uexp" 242
"../../../Engine/Content/MobileResources/HUD/MobileHUDDirectionPad2.uasset" 243
"../../../Engine/Content/MobileResources/HUD/MobileHUDDirectionPad2.uexp" 244
"../../../Engine/Content/MobileResources/HUD/MobileHUDDirectionPad3.uasset" 245
"../../../Engine/Content/MobileResources/HUD/MobileHUDDirectionPad3.uexp" 246
"../../../Engine/Content/MobileResources/HUD/MobileHUDDirectionStick.uasset" 247
"../../../Engine/Content/MobileResources/HUD/MobileHUDDirectionStick.uexp" 248
"../../../Engine/Content/MobileResources/HUD/T_Castle_ThumbstickInner.uasset" 249
"../../../Engine/Content/MobileResources/HUD/T_Castle_ThumbstickInner.uexp" 250
"../../../Engine/Content/MobileResources/HUD/T_Castle_ThumbstickOutter.uasset" 251
"../../../Engine/Content/MobileResources/HUD/T_Castle_ThumbstickOutter.uexp" 252
"../../../Engine/Content/Tutorial/ContentIntroCurve.uasset" 253
"../../../Engine/Content/Tutorial/ContentIntroCurve.uexp" 254
"../../../Engine/Plugins/2D/Paper2D/Content/PlaceholderTextures/DummySpriteTexture.uasset" 255
"../../../Engine/Plugins/2D/Paper2D/Content/PlaceholderTextures/DummySpriteTexture.uexp" 256
"../../../Engine/Plugins/2D/Paper2D/Content/PlaceholderTextures/DummySpriteTexture.ubulk" 257
"../../../Engine/Plugins/2D/Paper2D/Content/DummySprite.uasset" 258
"../../../Engine/Plugins/2D/Paper2D/Content/DummySprite.uexp" 259
"../../../Engine/Plugins/2D/Paper2D/Content/DefaultPaperTerrainMaterial.uasset" 260
"../../../Engine/Plugins/2D/Paper2D/Content/DefaultPaperTerrainMaterial.uexp" 261
"../../../Engine/Plugins/2D/Paper2D/Content/DefaultSpriteMaterial.uasset" 262
"../../../Engine/Plugins/2D/Paper2D/Content/DefaultSpriteMaterial.uexp" 263
"../../../Engine/Plugins/2D/Paper2D/Content/MaskedUnlitSpriteMaterial.uasset" 264
"../../../Engine/Plugins/2D/Paper2D/Content/MaskedUnlitSpriteMaterial.uexp" 265
"../../../Engine/Plugins/2D/Paper2D/Content/OpaqueUnlitSpriteMaterial.uasset" 266
"../../../Engine/Plugins/2D/Paper2D/Content/OpaqueUnlitSpriteMaterial.uexp" 267
"../../../Engine/Content/BasicShapes/Cylinder.uasset" 268
"../../../Engine/Content/BasicShapes/Cylinder.uexp" 269
"../../../Engine/Content/ArtTools/RenderToTexture/Materials/Debug/M_Emissive_Color.uasset" 270
"../../../Engine/Content/ArtTools/RenderToTexture/Materials/Debug/M_Emissive_Color.uexp" 271
"../../../Engine/Plugins/Lumin/MagicLeapPassableWorld/Content/MagicLeapARPinInfoActor.uasset" 272
"../../../Engine/Plugins/Lumin/MagicLeapPassableWorld/Content/MagicLeapARPinInfoActor.uexp" 273
"../../../Engine/Content/Functions/Engine_MaterialFunctions02/Utility/BreakOutFloat3Components.uasset" 274
"../../../Engine/Content/Functions/Engine_MaterialFunctions02/Utility/BreakOutFloat3Components.uexp" 275
"../../../Engine/Plugins/Editor/SpeedTreeImporter/Content/SpeedTree9/UnpackInteger3.uasset" 276
"../../../Engine/Plugins/Editor/SpeedTreeImporter/Content/SpeedTree9/UnpackInteger3.uexp" 277
"../../../Engine/Plugins/Editor/SpeedTreeImporter/Content/SpeedTree9/UnpackDirection.uasset" 278
"../../../Engine/Plugins/Editor/SpeedTreeImporter/Content/SpeedTree9/UnpackDirection.uexp" 279
"../../../Engine/Plugins/Editor/SpeedTreeImporter/Content/SpeedTree9/game_wind_noise.uasset" 280
"../../../Engine/Plugins/Editor/SpeedTreeImporter/Content/SpeedTree9/game_wind_noise.uexp" 281
"../../../Engine/Plugins/Editor/SpeedTreeImporter/Content/SpeedTree9/game_wind_noise.ubulk" 282
"../../../Engine/Content/Functions/Engine_MaterialFunctions02/SafeNormalize.uasset" 283
"../../../Engine/Content/Functions/Engine_MaterialFunctions02/SafeNormalize.uexp" 284
"../../../Engine/Plugins/Editor/SpeedTreeImporter/Content/SpeedTree9/SpeedTreeWindMotion.uasset" 285
"../../../Engine/Plugins/Editor/SpeedTreeImporter/Content/SpeedTree9/SpeedTreeWindMotion.uexp" 286
"../../../Engine/Plugins/Editor/SpeedTreeImporter/Content/SpeedTree9/SpeedTreeBranchMotion.uasset" 287
"../../../Engine/Plugins/Editor/SpeedTreeImporter/Content/SpeedTree9/SpeedTreeBranchMotion.uexp" 288
"../../../Engine/Content/Functions/Engine_MaterialFunctions02/ObjectLocalBounds.uasset" 289
"../../../Engine/Content/Functions/Engine_MaterialFunctions02/ObjectLocalBounds.uexp" 290
"../../../Engine/Content/Functions/Engine_MaterialFunctions02/UVs/BoundingBoxBased_0-1_UVW.uasset" 291
"../../../Engine/Content/Functions/Engine_MaterialFunctions02/UVs/BoundingBoxBased_0-1_UVW.uexp" 292
"../../../Engine/Content/Functions/Engine_MaterialFunctions02/Utility/VectorLength.uasset" 293
"../../../Engine/Content/Functions/Engine_MaterialFunctions02/Utility/VectorLength.uexp" 294
"../../../Engine/Content/Functions/Engine_MaterialFunctions02/WorldPositionOffset/ObjectScale.uasset" 295
"../../../Engine/Content/Functions/Engine_MaterialFunctions02/WorldPositionOffset/ObjectScale.uexp" 296
"../../../Engine/Plugins/Editor/SpeedTreeImporter/Content/SpeedTree9/SpeedTreeWind.uasset" 297
"../../../Engine/Plugins/Editor/SpeedTreeImporter/Content/SpeedTree9/SpeedTreeWind.uexp" 298
"../../../Engine/Plugins/Editor/SpeedTreeImporter/Content/SpeedTree9/SpeedTreeBillboard.uasset" 299
"../../../Engine/Plugins/Editor/SpeedTreeImporter/Content/SpeedTree9/SpeedTreeBillboard.uexp" 300
"../../../Engine/Plugins/Editor/SpeedTreeImporter/Content/SpeedTree9/EmptyNormal.uasset" 301
"../../../Engine/Plugins/Editor/SpeedTreeImporter/Content/SpeedTree9/EmptyNormal.uexp" 302
"../../../Engine/Plugins/Editor/SpeedTreeImporter/Content/SpeedTree9/Empty.uasset" 303
"../../../Engine/Plugins/Editor/SpeedTreeImporter/Content/SpeedTree9/Empty.uexp" 304
"../../../Engine/Plugins/Editor/SpeedTreeImporter/Content/SpeedTree9/SpeedTreeBillboardMaster.uasset" 305
"../../../Engine/Plugins/Editor/SpeedTreeImporter/Content/SpeedTree9/SpeedTreeBillboardMaster.uexp" 306
"../../../Engine/Plugins/Editor/SpeedTreeImporter/Content/SpeedTree9/SpeedTreeCameraFacing.uasset" 307
"../../../Engine/Plugins/Editor/SpeedTreeImporter/Content/SpeedTree9/SpeedTreeCameraFacing.uexp" 308
"../../../Engine/Plugins/Editor/SpeedTreeImporter/Content/SpeedTree9/SpeedTreeMaster.uasset" 309
"../../../Engine/Plugins/Editor/SpeedTreeImporter/Content/SpeedTree9/SpeedTreeMaster.uexp" 310
"../../../Engine/Plugins/Runtime/OpenXR/Content/Devices/GoogleDaydream/MRTexture.uasset" 311
"../../../Engine/Plugins/Runtime/OpenXR/Content/Devices/GoogleDaydream/MRTexture.uexp" 312
"../../../Engine/Plugins/Runtime/OpenXR/Content/Devices/GoogleDaydream/MRTexture.ubulk" 313
"../../../Engine/Plugins/Runtime/OpenXR/Content/Devices/GoogleDaydream/BaseTexture.uasset" 314
"../../../Engine/Plugins/Runtime/OpenXR/Content/Devices/GoogleDaydream/BaseTexture.uexp" 315
"../../../Engine/Plugins/Runtime/OpenXR/Content/Devices/GoogleDaydream/BaseTexture.ubulk" 316
"../../../Engine/Content/EngineResources/Black.uasset" 317
"../../../Engine/Content/EngineResources/Black.uexp" 318
"../../../Engine/Plugins/Runtime/OpenXR/Content/Devices/M_XRController.uasset" 319
"../../../Engine/Plugins/Runtime/OpenXR/Content/Devices/M_XRController.uexp" 320
"../../../Engine/Plugins/Runtime/OpenXR/Content/Devices/GoogleDaydream/MI_GoogleDaydream.uasset" 321
"../../../Engine/Plugins/Runtime/OpenXR/Content/Devices/GoogleDaydream/MI_GoogleDaydream.uexp" 322
"../../../Engine/Plugins/Runtime/OpenXR/Content/Devices/GoogleDaydream/GoogleDaydreamController.uasset" 323
"../../../Engine/Plugins/Runtime/OpenXR/Content/Devices/GoogleDaydream/GoogleDaydreamController.uexp" 324
"../../../Engine/Plugins/Runtime/OpenXR/Content/Devices/HTCVive/BaseTexture.uasset" 325
"../../../Engine/Plugins/Runtime/OpenXR/Content/Devices/HTCVive/BaseTexture.uexp" 326
"../../../Engine/Plugins/Runtime/OpenXR/Content/Devices/HTCVive/BaseTexture.ubulk" 327
"../../../Engine/Plugins/Runtime/OpenXR/Content/Devices/HTCVive/MI_HTCVive.uasset" 328
"../../../Engine/Plugins/Runtime/OpenXR/Content/Devices/HTCVive/MI_HTCVive.uexp" 329
"../../../Engine/Plugins/Runtime/OpenXR/Content/Devices/HTCVive/HTCViveController.uasset" 330
"../../../Engine/Plugins/Runtime/OpenXR/Content/Devices/HTCVive/HTCViveController.uexp" 331
"../../../Engine/Plugins/Runtime/OpenXR/Content/Devices/MicrosoftMixedReality/NormalTexture.uasset" 332
"../../../Engine/Plugins/Runtime/OpenXR/Content/Devices/MicrosoftMixedReality/NormalTexture.uexp" 333
"../../../Engine/Plugins/Runtime/OpenXR/Content/Devices/MicrosoftMixedReality/NormalTexture.ubulk" 334
"../../../Engine/Plugins/Runtime/OpenXR/Content/Devices/MicrosoftMixedReality/MRTexture.uasset" 335
"../../../Engine/Plugins/Runtime/OpenXR/Content/Devices/MicrosoftMixedReality/MRTexture.uexp" 336
"../../../Engine/Plugins/Runtime/OpenXR/Content/Devices/MicrosoftMixedReality/MRTexture.ubulk" 337
"../../../Engine/Plugins/Runtime/OpenXR/Content/Devices/MicrosoftMixedReality/EmissiveTexture.uasset" 338
"../../../Engine/Plugins/Runtime/OpenXR/Content/Devices/MicrosoftMixedReality/EmissiveTexture.uexp" 339
"../../../Engine/Plugins/Runtime/OpenXR/Content/Devices/MicrosoftMixedReality/EmissiveTexture.ubulk" 340
"../../../Engine/Plugins/Runtime/OpenXR/Content/Devices/MicrosoftMixedReality/BaseTexture.uasset" 341
"../../../Engine/Plugins/Runtime/OpenXR/Content/Devices/MicrosoftMixedReality/BaseTexture.uexp" 342
"../../../Engine/Plugins/Runtime/OpenXR/Content/Devices/MicrosoftMixedReality/BaseTexture.ubulk" 343
"../../../Engine/Plugins/Runtime/OpenXR/Content/Devices/MicrosoftMixedReality/MI_MicrosoftMixedReality.uasset" 344
"../../../Engine/Plugins/Runtime/OpenXR/Content/Devices/MicrosoftMixedReality/MI_MicrosoftMixedReality.uexp" 345
"../../../Engine/Plugins/Runtime/OpenXR/Content/Devices/MicrosoftMixedReality/Left/left_MicrosoftMixedRealityController.uasset" 346
"../../../Engine/Plugins/Runtime/OpenXR/Content/Devices/MicrosoftMixedReality/Left/left_MicrosoftMixedRealityController.uexp" 347
"../../../Engine/Plugins/Runtime/OpenXR/Content/Devices/MicrosoftMixedReality/Right/right_MicrosoftMixedRealityController.uasset" 348
"../../../Engine/Plugins/Runtime/OpenXR/Content/Devices/MicrosoftMixedReality/Right/right_MicrosoftMixedRealityController.uexp" 349
"../../../Engine/Plugins/Runtime/OpenXR/Content/Devices/OculusGo/BaseTexture.uasset" 350
"../../../Engine/Plugins/Runtime/OpenXR/Content/Devices/OculusGo/BaseTexture.uexp" 351
"../../../Engine/Plugins/Runtime/OpenXR/Content/Devices/OculusGo/BaseTexture.ubulk" 352
"../../../Engine/Plugins/Runtime/OpenXR/Content/Devices/OculusGo/MI_OculusGo.uasset" 353
"../../../Engine/Plugins/Runtime/OpenXR/Content/Devices/OculusGo/MI_OculusGo.uexp" 354
"../../../Engine/Plugins/Runtime/OpenXR/Content/Devices/OculusGo/OculusGoController.uasset" 355
"../../../Engine/Plugins/Runtime/OpenXR/Content/Devices/OculusGo/OculusGoController.uexp" 356
"../../../Engine/Plugins/Runtime/OpenXR/Content/Devices/OculusTouch/MRTexture.uasset" 357
"../../../Engine/Plugins/Runtime/OpenXR/Content/Devices/OculusTouch/MRTexture.uexp" 358
"../../../Engine/Plugins/Runtime/OpenXR/Content/Devices/OculusTouch/MRTexture.ubulk" 359
"../../../Engine/Plugins/Runtime/OpenXR/Content/Devices/OculusTouch/BaseTexture.uasset" 360
"../../../Engine/Plugins/Runtime/OpenXR/Content/Devices/OculusTouch/BaseTexture.uexp" 361
"../../../Engine/Plugins/Runtime/OpenXR/Content/Devices/OculusTouch/BaseTexture.ubulk" 362
"../../../Engine/Plugins/Runtime/OpenXR/Content/Devices/OculusTouch/MI_OculusTouch.uasset" 363
"../../../Engine/Plugins/Runtime/OpenXR/Content/Devices/OculusTouch/MI_OculusTouch.uexp" 364
"../../../Engine/Plugins/Runtime/OpenXR/Content/Devices/OculusTouch/Left/left_OculusTouchController.uasset" 365
"../../../Engine/Plugins/Runtime/OpenXR/Content/Devices/OculusTouch/Left/left_OculusTouchController.uexp" 366
"../../../Engine/Plugins/Runtime/OpenXR/Content/Devices/OculusTouch/Right/right_OculusTouchController.uasset" 367
"../../../Engine/Plugins/Runtime/OpenXR/Content/Devices/OculusTouch/Right/right_OculusTouchController.uexp" 368
"../../../Engine/Plugins/Runtime/OpenXR/Content/Devices/OculusTouch_v2/MRTexture.uasset" 369
"../../../Engine/Plugins/Runtime/OpenXR/Content/Devices/OculusTouch_v2/MRTexture.uexp" 370
"../../../Engine/Plugins/Runtime/OpenXR/Content/Devices/OculusTouch_v2/MRTexture.ubulk" 371
"../../../Engine/Plugins/Runtime/OpenXR/Content/Devices/OculusTouch_v2/BaseTexture.uasset" 372
"../../../Engine/Plugins/Runtime/OpenXR/Content/Devices/OculusTouch_v2/BaseTexture.uexp" 373
"../../../Engine/Plugins/Runtime/OpenXR/Content/Devices/OculusTouch_v2/BaseTexture.ubulk" 374
"../../../Engine/Plugins/Runtime/OpenXR/Content/Devices/OculusTouch_v2/MI_OculusTouch_v2.uasset" 375
"../../../Engine/Plugins/Runtime/OpenXR/Content/Devices/OculusTouch_v2/MI_OculusTouch_v2.uexp" 376
"../../../Engine/Plugins/Runtime/OpenXR/Content/Devices/OculusTouch_v2/Left/left_OculusTouch_v2Controller.uasset" 377
"../../../Engine/Plugins/Runtime/OpenXR/Content/Devices/OculusTouch_v2/Left/left_OculusTouch_v2Controller.uexp" 378
"../../../Engine/Plugins/Runtime/OpenXR/Content/Devices/OculusTouch_v2/Right/right_OculusTouch_v2Controller.uasset" 379
"../../../Engine/Plugins/Runtime/OpenXR/Content/Devices/OculusTouch_v2/Right/right_OculusTouch_v2Controller.uexp" 380
"../../../Engine/Plugins/Runtime/OpenXR/Content/Devices/OculusTouch_v3/MRTexture.uasset" 381
"../../../Engine/Plugins/Runtime/OpenXR/Content/Devices/OculusTouch_v3/MRTexture.uexp" 382
"../../../Engine/Plugins/Runtime/OpenXR/Content/Devices/OculusTouch_v3/MRTexture.ubulk" 383
"../../../Engine/Plugins/Runtime/OpenXR/Content/Devices/OculusTouch_v3/BaseTexture.uasset" 384
"../../../Engine/Plugins/Runtime/OpenXR/Content/Devices/OculusTouch_v3/BaseTexture.uexp" 385
"../../../Engine/Plugins/Runtime/OpenXR/Content/Devices/OculusTouch_v3/BaseTexture.ubulk" 386
"../../../Engine/Plugins/Runtime/OpenXR/Content/Devices/OculusTouch_v3/MI_OculusTouch_v3.uasset" 387
"../../../Engine/Plugins/Runtime/OpenXR/Content/Devices/OculusTouch_v3/MI_OculusTouch_v3.uexp" 388
"../../../Engine/Plugins/Runtime/OpenXR/Content/Devices/OculusTouch_v3/Left/left_OculusTouch_v3Controller.uasset" 389
"../../../Engine/Plugins/Runtime/OpenXR/Content/Devices/OculusTouch_v3/Left/left_OculusTouch_v3Controller.uexp" 390
"../../../Engine/Plugins/Runtime/OpenXR/Content/Devices/OculusTouch_v3/Right/right_OculusTouch_v3Controller.uasset" 391
"../../../Engine/Plugins/Runtime/OpenXR/Content/Devices/OculusTouch_v3/Right/right_OculusTouch_v3Controller.uexp" 392
"../../../Engine/Plugins/Runtime/OpenXR/Content/Devices/ValveIndex/MRTexture.uasset" 393
"../../../Engine/Plugins/Runtime/OpenXR/Content/Devices/ValveIndex/MRTexture.uexp" 394
"../../../Engine/Plugins/Runtime/OpenXR/Content/Devices/ValveIndex/MRTexture.ubulk" 395
"../../../Engine/Plugins/Runtime/OpenXR/Content/Devices/ValveIndex/BaseTexture.uasset" 396
"../../../Engine/Plugins/Runtime/OpenXR/Content/Devices/ValveIndex/BaseTexture.uexp" 397
"../../../Engine/Plugins/Runtime/OpenXR/Content/Devices/ValveIndex/BaseTexture.ubulk" 398
"../../../Engine/Plugins/Runtime/OpenXR/Content/Devices/ValveIndex/Left/MI_left_ValveIndex.uasset" 399
"../../../Engine/Plugins/Runtime/OpenXR/Content/Devices/ValveIndex/Left/MI_left_ValveIndex.uexp" 400
"../../../Engine/Plugins/Runtime/OpenXR/Content/Devices/ValveIndex/Left/left_ValveIndexController.uasset" 401
"../../../Engine/Plugins/Runtime/OpenXR/Content/Devices/ValveIndex/Left/left_ValveIndexController.uexp" 402
"../../../Engine/Plugins/Runtime/OpenXR/Content/Devices/ValveIndex/Right/MI_right_ValveIndex.uasset" 403
"../../../Engine/Plugins/Runtime/OpenXR/Content/Devices/ValveIndex/Right/MI_right_ValveIndex.uexp" 404
"../../../Engine/Plugins/Runtime/OpenXR/Content/Devices/ValveIndex/Right/right_ValveIndexController.uasset" 405
"../../../Engine/Plugins/Runtime/OpenXR/Content/Devices/ValveIndex/Right/right_ValveIndexController.uexp" 406
"../../../Engine/Content/Functions/Engine_MaterialFunctions02/Utility/BreakOutFloat4Components.uasset" 407
"../../../Engine/Content/Functions/Engine_MaterialFunctions02/Utility/BreakOutFloat4Components.uexp" 408
"../../../Engine/Content/Functions/Engine_MaterialFunctions02/Utility/MakeFloat3.uasset" 409
"../../../Engine/Content/Functions/Engine_MaterialFunctions02/Utility/MakeFloat3.uexp" 410
"../../../Engine/Plugins/Runtime/Oculus/OculusVR/Content/Materials/OculusMR_ChromaKey.uasset" 411
"../../../Engine/Plugins/Runtime/Oculus/OculusVR/Content/Materials/OculusMR_ChromaKey.uexp" 412
"../../../Engine/Plugins/Runtime/Oculus/OculusVR/Content/Materials/OculusMR_OpaqueColoredMaterial.uasset" 413
"../../../Engine/Plugins/Runtime/Oculus/OculusVR/Content/Materials/OculusMR_OpaqueColoredMaterial.uexp" 414
"../../../Engine/Plugins/Runtime/Oculus/OculusVR/Content/Materials/PokeAHoleMaterial.uasset" 415
"../../../Engine/Plugins/Runtime/Oculus/OculusVR/Content/Materials/PokeAHoleMaterial.uexp" 416
"../../../Engine/Plugins/Runtime/Oculus/OculusVR/Content/Textures/touchController_controlmap.uasset" 417
"../../../Engine/Plugins/Runtime/Oculus/OculusVR/Content/Textures/touchController_controlmap.uexp" 418
"../../../Engine/Plugins/Runtime/Oculus/OculusVR/Content/Textures/touchController_controlmap.ubulk" 419
"../../../Engine/Plugins/Runtime/Oculus/OculusVR/Content/Textures/touchController_albedo.uasset" 420
"../../../Engine/Plugins/Runtime/Oculus/OculusVR/Content/Textures/touchController_albedo.uexp" 421
"../../../Engine/Plugins/Runtime/Oculus/OculusVR/Content/Textures/touchController_albedo.ubulk" 422
"../../../Engine/Plugins/Runtime/Oculus/OculusVR/Content/Materials/touchController_mat.uasset" 423
"../../../Engine/Plugins/Runtime/Oculus/OculusVR/Content/Materials/touchController_mat.uexp" 424
"../../../Engine/Plugins/Runtime/Oculus/OculusVR/Content/Meshes/LeftTouchController.uasset" 425
"../../../Engine/Plugins/Runtime/Oculus/OculusVR/Content/Meshes/LeftTouchController.uexp" 426
"../../../Engine/Plugins/Runtime/Oculus/OculusVR/Content/Textures/TouchForQuestRiftSController_albedo.uasset" 427
"../../../Engine/Plugins/Runtime/Oculus/OculusVR/Content/Textures/TouchForQuestRiftSController_albedo.uexp" 428
"../../../Engine/Plugins/Runtime/Oculus/OculusVR/Content/Textures/TouchForQuestRiftSController_albedo.ubulk" 429
"../../../Engine/Plugins/Runtime/Oculus/OculusVR/Content/Materials/TouchForQuestRiftSControllerMaterial.uasset" 430
"../../../Engine/Plugins/Runtime/Oculus/OculusVR/Content/Materials/TouchForQuestRiftSControllerMaterial.uexp" 431
"../../../Engine/Plugins/Runtime/Oculus/OculusVR/Content/Meshes/LeftTouchForQuestRiftSController.uasset" 432
"../../../Engine/Plugins/Runtime/Oculus/OculusVR/Content/Meshes/LeftTouchForQuestRiftSController.uexp" 433
"../../../Engine/Plugins/Runtime/Oculus/OculusVR/Content/Meshes/RiftHMD.uasset" 434
"../../../Engine/Plugins/Runtime/Oculus/OculusVR/Content/Meshes/RiftHMD.uexp" 435
"../../../Engine/Plugins/Runtime/Oculus/OculusVR/Content/Meshes/RightTouchController.uasset" 436
"../../../Engine/Plugins/Runtime/Oculus/OculusVR/Content/Meshes/RightTouchController.uexp" 437
"../../../Engine/Plugins/Runtime/Oculus/OculusVR/Content/Meshes/RightTouchForQuestRiftSController.uasset" 438
"../../../Engine/Plugins/Runtime/Oculus/OculusVR/Content/Meshes/RightTouchForQuestRiftSController.uexp" 439
"D:/UnrealProjects/GameOff2021/Content/Widgets/WB_Story.uasset" 440
"D:/UnrealProjects/GameOff2021/Content/Widgets/WB_Story.uexp" 441
"D:/UnrealProjects/GameOff2021/Content/Widgets/WB_MainMenu_2.uasset" 442
"D:/UnrealProjects/GameOff2021/Content/Widgets/WB_MainMenu_2.uexp" 443
"D:/UnrealProjects/GameOff2021/Content/Widgets/WB_MainMenu_1.uasset" 444
"D:/UnrealProjects/GameOff2021/Content/Widgets/WB_MainMenu_1.uexp" 445
"D:/UnrealProjects/GameOff2021/Content/Music/MainMenu/PingusTheme.uasset" 446
"D:/UnrealProjects/GameOff2021/Content/Music/MainMenu/PingusTheme.uexp" 447
"D:/UnrealProjects/GameOff2021/Content/2DSideScrollerBP/Blueprints/GM_MainMenu.uasset" 448
"D:/UnrealProjects/GameOff2021/Content/2DSideScrollerBP/Blueprints/GM_MainMenu.uexp" 449
"D:/UnrealProjects/GameOff2021/Content/2DSideScrollerBP/Maps/MainMenu.uexp" 450
"D:/UnrealProjects/GameOff2021/Content/2DSideScrollerBP/Maps/MainMenu.umap" 451
"D:/UnrealProjects/GameOff2021/Content/Widgets/WB_Credits.uasset" 452
"D:/UnrealProjects/GameOff2021/Content/Widgets/WB_Credits.uexp" 453
"D:/UnrealProjects/GameOff2021/Content/Sprites/Bug/Talk/BugTalk2.uasset" 454
"D:/UnrealProjects/GameOff2021/Content/Sprites/Bug/Talk/BugTalk2.uexp" 455
"D:/UnrealProjects/GameOff2021/Content/Sprites/Bug/Talk/BugTalk1.uasset" 456
"D:/UnrealProjects/GameOff2021/Content/Sprites/Bug/Talk/BugTalk1.uexp" 457
"D:/UnrealProjects/GameOff2021/Content/SFX/Environment/SpraySound.uasset" 458
"D:/UnrealProjects/GameOff2021/Content/SFX/Environment/SpraySound.uexp" 459
"D:/UnrealProjects/GameOff2021/Content/Sprites/GlitchBall/Glitchball.uasset" 460
"D:/UnrealProjects/GameOff2021/Content/Sprites/GlitchBall/Glitchball.uexp" 461
"D:/UnrealProjects/GameOff2021/Content/Sprites/GlitchBall/Glitchball_Sprite_3.uasset" 462
"D:/UnrealProjects/GameOff2021/Content/Sprites/GlitchBall/Glitchball_Sprite_3.uexp" 463
"D:/UnrealProjects/GameOff2021/Content/Sprites/GlitchBall/Glitchball_Sprite_2.uasset" 464
"D:/UnrealProjects/GameOff2021/Content/Sprites/GlitchBall/Glitchball_Sprite_2.uexp" 465
"D:/UnrealProjects/GameOff2021/Content/Sprites/GlitchBall/Glitchball_Sprite_1.uasset" 466
"D:/UnrealProjects/GameOff2021/Content/Sprites/GlitchBall/Glitchball_Sprite_1.uexp" 467
"D:/UnrealProjects/GameOff2021/Content/Sprites/GlitchBall/Glitchball_Sprite_0.uasset" 468
"D:/UnrealProjects/GameOff2021/Content/Sprites/GlitchBall/Glitchball_Sprite_0.uexp" 469
"D:/UnrealProjects/GameOff2021/Content/Sprites/GlitchBall/FB_GlitchBall.uasset" 470
"D:/UnrealProjects/GameOff2021/Content/Sprites/GlitchBall/FB_GlitchBall.uexp" 471
"D:/UnrealProjects/GameOff2021/Content/Sprites/Bug/Idle/Bug_idle2.uasset" 472
"D:/UnrealProjects/GameOff2021/Content/Sprites/Bug/Idle/Bug_idle2.uexp" 473
"D:/UnrealProjects/GameOff2021/Content/Sprites/Bug/Idle/Bug_idle2.ubulk" 474
"D:/UnrealProjects/GameOff2021/Content/Sprites/Bug/Idle/Bug_idle2_Sprite_7.uasset" 475
"D:/UnrealProjects/GameOff2021/Content/Sprites/Bug/Idle/Bug_idle2_Sprite_7.uexp" 476
"D:/UnrealProjects/GameOff2021/Content/Sprites/Bug/Idle/Bug_idle2_Sprite_6.uasset" 477
"D:/UnrealProjects/GameOff2021/Content/Sprites/Bug/Idle/Bug_idle2_Sprite_6.uexp" 478
"D:/UnrealProjects/GameOff2021/Content/Sprites/Bug/Idle/Bug_idle2_Sprite_5.uasset" 479
"D:/UnrealProjects/GameOff2021/Content/Sprites/Bug/Idle/Bug_idle2_Sprite_5.uexp" 480
"D:/UnrealProjects/GameOff2021/Content/Sprites/Bug/Idle/Bug_idle2_Sprite_4.uasset" 481
"D:/UnrealProjects/GameOff2021/Content/Sprites/Bug/Idle/Bug_idle2_Sprite_4.uexp" 482
"D:/UnrealProjects/GameOff2021/Content/Sprites/Bug/Idle/Bug_idle2_Sprite_3.uasset" 483
"D:/UnrealProjects/GameOff2021/Content/Sprites/Bug/Idle/Bug_idle2_Sprite_3.uexp" 484
"D:/UnrealProjects/GameOff2021/Content/Sprites/Bug/Idle/Bug_idle2_Sprite_2.uasset" 485
"D:/UnrealProjects/GameOff2021/Content/Sprites/Bug/Idle/Bug_idle2_Sprite_2.uexp" 486
"D:/UnrealProjects/GameOff2021/Content/Sprites/Bug/Idle/Bug_idle2_Sprite_1.uasset" 487
"D:/UnrealProjects/GameOff2021/Content/Sprites/Bug/Idle/Bug_idle2_Sprite_1.uexp" 488
"D:/UnrealProjects/GameOff2021/Content/Sprites/Bug/Idle/Bug_idle2_Sprite_0.uasset" 489
"D:/UnrealProjects/GameOff2021/Content/Sprites/Bug/Idle/Bug_idle2_Sprite_0.uexp" 490
"D:/UnrealProjects/GameOff2021/Content/Sprites/Bug/Idle/FB_BugIdle.uasset" 491
"D:/UnrealProjects/GameOff2021/Content/Sprites/Bug/Idle/FB_BugIdle.uexp" 492
"D:/UnrealProjects/GameOff2021/Content/Sprites/Bug/Fly/Bug_Fly.uasset" 493
"D:/UnrealProjects/GameOff2021/Content/Sprites/Bug/Fly/Bug_Fly.uexp" 494
"D:/UnrealProjects/GameOff2021/Content/Sprites/Bug/Fly/Bug_Fly_Sprite_5.uasset" 495
"D:/UnrealProjects/GameOff2021/Content/Sprites/Bug/Fly/Bug_Fly_Sprite_5.uexp" 496
"D:/UnrealProjects/GameOff2021/Content/Sprites/Bug/Fly/Bug_Fly_Sprite_4.uasset" 497
"D:/UnrealProjects/GameOff2021/Content/Sprites/Bug/Fly/Bug_Fly_Sprite_4.uexp" 498
"D:/UnrealProjects/GameOff2021/Content/Sprites/Bug/Fly/Bug_Fly_Sprite_3.uasset" 499
"D:/UnrealProjects/GameOff2021/Content/Sprites/Bug/Fly/Bug_Fly_Sprite_3.uexp" 500
"D:/UnrealProjects/GameOff2021/Content/Sprites/Bug/Fly/Bug_Fly_Sprite_2.uasset" 501
"D:/UnrealProjects/GameOff2021/Content/Sprites/Bug/Fly/Bug_Fly_Sprite_2.uexp" 502
"D:/UnrealProjects/GameOff2021/Content/Sprites/Bug/Fly/Bug_Fly_Sprite_1.uasset" 503
"D:/UnrealProjects/GameOff2021/Content/Sprites/Bug/Fly/Bug_Fly_Sprite_1.uexp" 504
"D:/UnrealProjects/GameOff2021/Content/Sprites/Bug/Fly/Bug_Fly_Sprite_0.uasset" 505
"D:/UnrealProjects/GameOff2021/Content/Sprites/Bug/Fly/Bug_Fly_Sprite_0.uexp" 506
"D:/UnrealProjects/GameOff2021/Content/Sprites/Bug/Fly/FB_Bug_Fly.uasset" 507
"D:/UnrealProjects/GameOff2021/Content/Sprites/Bug/Fly/FB_Bug_Fly.uexp" 508
"D:/UnrealProjects/GameOff2021/Content/SFX/BFXR/Laser_Shoot8.uasset" 509
"D:/UnrealProjects/GameOff2021/Content/SFX/BFXR/Laser_Shoot8.uexp" 510
"D:/UnrealProjects/GameOff2021/Content/SFX/BFXR/Explosion.uasset" 511
"D:/UnrealProjects/GameOff2021/Content/SFX/BFXR/Explosion.uexp" 512
"D:/UnrealProjects/GameOff2021/Content/SFX/BFXR/SC_Laser.uasset" 513
"D:/UnrealProjects/GameOff2021/Content/SFX/BFXR/SC_Laser.uexp" 514
"D:/UnrealProjects/GameOff2021/Content/Blueprints/Bug_AI/E_Hacks.uasset" 515
"D:/UnrealProjects/GameOff2021/Content/Blueprints/Bug_AI/E_Hacks.uexp" 516
"D:/UnrealProjects/GameOff2021/Content/Blueprints/Interfaces/BPI_BugsInterface.uasset" 517
"D:/UnrealProjects/GameOff2021/Content/Blueprints/Interfaces/BPI_BugsInterface.uexp" 518
"D:/UnrealProjects/GameOff2021/Content/Blueprints/Environment/CamShake_LaserBeam.uasset" 519
"D:/UnrealProjects/GameOff2021/Content/Blueprints/Environment/CamShake_LaserBeam.uexp" 520
"D:/UnrealProjects/GameOff2021/Content/Blueprints/Bug_AI/BP_BugWaitPoints.uasset" 521
"D:/UnrealProjects/GameOff2021/Content/Blueprints/Bug_AI/BP_BugWaitPoints.uexp" 522
"D:/UnrealProjects/GameOff2021/Content/Blueprints/Bug_AI/BP_BugMovePoints.uasset" 523
"D:/UnrealProjects/GameOff2021/Content/Blueprints/Bug_AI/BP_BugMovePoints.uexp" 524
"D:/UnrealProjects/GameOff2021/Content/Widgets/WB_Score.uasset" 525
"D:/UnrealProjects/GameOff2021/Content/Widgets/WB_Score.uexp" 526
"D:/UnrealProjects/GameOff2021/Content/Widgets/PowerupBoxTEMP.uasset" 527
"D:/UnrealProjects/GameOff2021/Content/Widgets/PowerupBoxTEMP.uexp" 528
"D:/UnrealProjects/GameOff2021/Content/Sprites/Popsicle/Popcicle.uasset" 529
"D:/UnrealProjects/GameOff2021/Content/Sprites/Popsicle/Popcicle.uexp" 530
"D:/UnrealProjects/GameOff2021/Content/Widgets/WB_PowerupBox.uasset" 531
"D:/UnrealProjects/GameOff2021/Content/Widgets/WB_PowerupBox.uexp" 532
"D:/UnrealProjects/GameOff2021/Content/Widgets/RetryIcon.uasset" 533
"D:/UnrealProjects/GameOff2021/Content/Widgets/RetryIcon.uexp" 534
"D:/UnrealProjects/GameOff2021/Content/Widgets/WB_PowerupMainWidget.uasset" 535
"D:/UnrealProjects/GameOff2021/Content/Widgets/WB_PowerupMainWidget.uexp" 536
"D:/UnrealProjects/GameOff2021/Content/Widgets/WB_PauseMenu.uasset" 537
"D:/UnrealProjects/GameOff2021/Content/Widgets/WB_PauseMenu.uexp" 538
"D:/UnrealProjects/GameOff2021/Content/VFX/SquareMask.uasset" 539
"D:/UnrealProjects/GameOff2021/Content/VFX/SquareMask.uexp" 540
"D:/UnrealProjects/GameOff2021/Content/VFX/SquareMask.ubulk" 541
"D:/UnrealProjects/GameOff2021/Content/VFX/M_PoofMat.uasset" 542
"D:/UnrealProjects/GameOff2021/Content/VFX/M_PoofMat.uexp" 543
"D:/UnrealProjects/GameOff2021/Content/VFX/P_PoofEffect.uasset" 544
"D:/UnrealProjects/GameOff2021/Content/VFX/P_PoofEffect.uexp" 545
"D:/UnrealProjects/GameOff2021/Content/Sprites/Wings/Wings.uasset" 546
"D:/UnrealProjects/GameOff2021/Content/Sprites/Wings/Wings.uexp" 547
"D:/UnrealProjects/GameOff2021/Content/Sprites/Wings/Wings_Sprite_0.uasset" 548
"D:/UnrealProjects/GameOff2021/Content/Sprites/Wings/Wings_Sprite_0.uexp" 549
"D:/UnrealProjects/GameOff2021/Content/Sprites/PowerupsSprite/Fish.uasset" 550
"D:/UnrealProjects/GameOff2021/Content/Sprites/PowerupsSprite/Fish.uexp" 551
"D:/UnrealProjects/GameOff2021/Content/Sprites/Pingus/Walk/Penguin_dash.uasset" 552
"D:/UnrealProjects/GameOff2021/Content/Sprites/Pingus/Walk/Penguin_dash.uexp" 553
"D:/UnrealProjects/GameOff2021/Content/Sprites/Pingus/Walk/Penguin_dash_Sprite_2.uasset" 554
"D:/UnrealProjects/GameOff2021/Content/Sprites/Pingus/Walk/Penguin_dash_Sprite_2.uexp" 555
"D:/UnrealProjects/GameOff2021/Content/Sprites/Pingus/Walk/Penguin_dash_Sprite_1.uasset" 556
"D:/UnrealProjects/GameOff2021/Content/Sprites/Pingus/Walk/Penguin_dash_Sprite_1.uexp" 557
"D:/UnrealProjects/GameOff2021/Content/Sprites/Pingus/Walk/Penguin_dash_Sprite_0.uasset" 558
"D:/UnrealProjects/GameOff2021/Content/Sprites/Pingus/Walk/Penguin_dash_Sprite_0.uexp" 559
"D:/UnrealProjects/GameOff2021/Content/Sprites/Pingus/Walk/FB_Pingus_Dash.uasset" 560
"D:/UnrealProjects/GameOff2021/Content/Sprites/Pingus/Walk/FB_Pingus_Dash.uexp" 561
"D:/UnrealProjects/GameOff2021/Content/Sprites/Pingus/Slide/Penguin_slide.uasset" 562
"D:/UnrealProjects/GameOff2021/Content/Sprites/Pingus/Slide/Penguin_slide.uexp" 563
"D:/UnrealProjects/GameOff2021/Content/Sprites/Pingus/Slide/Penguin_slide_Sprite_5.uasset" 564
"D:/UnrealProjects/GameOff2021/Content/Sprites/Pingus/Slide/Penguin_slide_Sprite_5.uexp" 565
"D:/UnrealProjects/GameOff2021/Content/Sprites/Pingus/Slide/Penguin_slide_Sprite_3.uasset" 566
"D:/UnrealProjects/GameOff2021/Content/Sprites/Pingus/Slide/Penguin_slide_Sprite_3.uexp" 567
"D:/UnrealProjects/GameOff2021/Content/Sprites/Pingus/Slide/Penguin_slide_Sprite_2.uasset" 568
"D:/UnrealProjects/GameOff2021/Content/Sprites/Pingus/Slide/Penguin_slide_Sprite_2.uexp" 569
"D:/UnrealProjects/GameOff2021/Content/Sprites/Pingus/Slide/Penguin_slide_Sprite_1.uasset" 570
"D:/UnrealProjects/GameOff2021/Content/Sprites/Pingus/Slide/Penguin_slide_Sprite_1.uexp" 571
"D:/UnrealProjects/GameOff2021/Content/Sprites/Pingus/Slide/Penguin_slide_Sprite_0.uasset" 572
"D:/UnrealProjects/GameOff2021/Content/Sprites/Pingus/Slide/Penguin_slide_Sprite_0.uexp" 573
"D:/UnrealProjects/GameOff2021/Content/Sprites/Pingus/Slide/FB_Pingus_Slide.uasset" 574
"D:/UnrealProjects/GameOff2021/Content/Sprites/Pingus/Slide/FB_Pingus_Slide.uexp" 575
"D:/UnrealProjects/GameOff2021/Content/Sprites/Pingus/Jump/Penguin_jump.uasset" 576
"D:/UnrealProjects/GameOff2021/Content/Sprites/Pingus/Jump/Penguin_jump.uexp" 577
"D:/UnrealProjects/GameOff2021/Content/Sprites/Pingus/Jump/Penguin_jump_Sprite_1.uasset" 578
"D:/UnrealProjects/GameOff2021/Content/Sprites/Pingus/Jump/Penguin_jump_Sprite_1.uexp" 579
"D:/UnrealProjects/GameOff2021/Content/Sprites/Pingus/Jump/Penguin_jump_Sprite_0.uasset" 580
"D:/UnrealProjects/GameOff2021/Content/Sprites/Pingus/Jump/Penguin_jump_Sprite_0.uexp" 581
"D:/UnrealProjects/GameOff2021/Content/Sprites/Pingus/Jump/FB_Pingus_Jump.uasset" 582
"D:/UnrealProjects/GameOff2021/Content/Sprites/Pingus/Jump/FB_Pingus_Jump.uexp" 583
"D:/UnrealProjects/GameOff2021/Content/Sprites/Pingus/Idle/Penguin_idle.uasset" 584
"D:/UnrealProjects/GameOff2021/Content/Sprites/Pingus/Idle/Penguin_idle.uexp" 585
"D:/UnrealProjects/GameOff2021/Content/Sprites/Pingus/Idle/Penguin_idle_Sprite_1.uasset" 586
"D:/UnrealProjects/GameOff2021/Content/Sprites/Pingus/Idle/Penguin_idle_Sprite_1.uexp" 587
"D:/UnrealProjects/GameOff2021/Content/Sprites/Pingus/Idle/Penguin_idle_Sprite_0.uasset" 588
"D:/UnrealProjects/GameOff2021/Content/Sprites/Pingus/Idle/Penguin_idle_Sprite_0.uexp" 589
"D:/UnrealProjects/GameOff2021/Content/Sprites/Pingus/Idle/FB_Pingus_Idle.uasset" 590
"D:/UnrealProjects/GameOff2021/Content/Sprites/Pingus/Idle/FB_Pingus_Idle.uexp" 591
"D:/UnrealProjects/GameOff2021/Content/Sprites/Bubble/Bubble-burst.uasset" 592
"D:/UnrealProjects/GameOff2021/Content/Sprites/Bubble/Bubble-burst.uexp" 593
"../../../Engine/Plugins/2D/Paper2D/Content/TranslucentUnlitSpriteMaterial.uasset" 594
"../../../Engine/Plugins/2D/Paper2D/Content/TranslucentUnlitSpriteMaterial.uexp" 595
"D:/UnrealProjects/GameOff2021/Content/Sprites/Bubble/Bubble-burst_Sprite_3.uasset" 596
"D:/UnrealProjects/GameOff2021/Content/Sprites/Bubble/Bubble-burst_Sprite_3.uexp" 597
"D:/UnrealProjects/GameOff2021/Content/Sprites/Bubble/Bubble-burst_Sprite_2.uasset" 598
"D:/UnrealProjects/GameOff2021/Content/Sprites/Bubble/Bubble-burst_Sprite_2.uexp" 599
"D:/UnrealProjects/GameOff2021/Content/Sprites/Bubble/Bubble-burst_Sprite_1.uasset" 600
"D:/UnrealProjects/GameOff2021/Content/Sprites/Bubble/Bubble-burst_Sprite_1.uexp" 601
"D:/UnrealProjects/GameOff2021/Content/Sprites/Bubble/Bubble-burst_Sprite_0.uasset" 602
"D:/UnrealProjects/GameOff2021/Content/Sprites/Bubble/Bubble-burst_Sprite_0.uexp" 603
"D:/UnrealProjects/GameOff2021/Content/Sprites/Bubble/FB_BubbleBurst.uasset" 604
"D:/UnrealProjects/GameOff2021/Content/Sprites/Bubble/FB_BubbleBurst.uexp" 605
"D:/UnrealProjects/GameOff2021/Content/Sprites/Bubble/Bubble-sheet.uasset" 606
"D:/UnrealProjects/GameOff2021/Content/Sprites/Bubble/Bubble-sheet.uexp" 607
"D:/UnrealProjects/GameOff2021/Content/Sprites/Bubble/Bubble-sheet_Sprite_3.uasset" 608
"D:/UnrealProjects/GameOff2021/Content/Sprites/Bubble/Bubble-sheet_Sprite_3.uexp" 609
"D:/UnrealProjects/GameOff2021/Content/Sprites/Bubble/Bubble-sheet_Sprite_2.uasset" 610
"D:/UnrealProjects/GameOff2021/Content/Sprites/Bubble/Bubble-sheet_Sprite_2.uexp" 611
"D:/UnrealProjects/GameOff2021/Content/Sprites/Bubble/Bubble-sheet_Sprite_1.uasset" 612
"D:/UnrealProjects/GameOff2021/Content/Sprites/Bubble/Bubble-sheet_Sprite_1.uexp" 613
"D:/UnrealProjects/GameOff2021/Content/Sprites/Bubble/Bubble-sheet_Sprite_0.uasset" 614
"D:/UnrealProjects/GameOff2021/Content/Sprites/Bubble/Bubble-sheet_Sprite_0.uexp" 615
"D:/UnrealProjects/GameOff2021/Content/Sprites/Bubble/FB_Bubble.uasset" 616
"D:/UnrealProjects/GameOff2021/Content/Sprites/Bubble/FB_Bubble.uexp" 617
"D:/UnrealProjects/GameOff2021/Content/SFX/Pingus/Pingus16.uasset" 618
"D:/UnrealProjects/GameOff2021/Content/SFX/Pingus/Pingus16.uexp" 619
"D:/UnrealProjects/GameOff2021/Content/SFX/Pingus/Pingus15.uasset" 620
"D:/UnrealProjects/GameOff2021/Content/SFX/Pingus/Pingus15.uexp" 621
"D:/UnrealProjects/GameOff2021/Content/SFX/Pingus/Pingus12.uasset" 622
"D:/UnrealProjects/GameOff2021/Content/SFX/Pingus/Pingus12.uexp" 623
"D:/UnrealProjects/GameOff2021/Content/SFX/Pingus/Pingus11.uasset" 624
"D:/UnrealProjects/GameOff2021/Content/SFX/Pingus/Pingus11.uexp" 625
"D:/UnrealProjects/GameOff2021/Content/SFX/BFXR/Jump8.uasset" 626
"D:/UnrealProjects/GameOff2021/Content/SFX/BFXR/Jump8.uexp" 627
"D:/UnrealProjects/GameOff2021/Content/SFX/Pingus/SC_PingusJumpRandom.uasset" 628
"D:/UnrealProjects/GameOff2021/Content/SFX/Pingus/SC_PingusJumpRandom.uexp" 629
"D:/UnrealProjects/GameOff2021/Content/Blueprints/Game/GI_Pingus.uasset" 630
"D:/UnrealProjects/GameOff2021/Content/Blueprints/Game/GI_Pingus.uexp" 631
"D:/UnrealProjects/GameOff2021/Content/Blueprints/Interfaces/BPI_GameInterface.uasset" 632
"D:/UnrealProjects/GameOff2021/Content/Blueprints/Interfaces/BPI_GameInterface.uexp" 633
"D:/UnrealProjects/GameOff2021/Content/Blueprints/Interfaces/BPI_Hacks.uasset" 634
"D:/UnrealProjects/GameOff2021/Content/Blueprints/Interfaces/BPI_Hacks.uexp" 635
"D:/UnrealProjects/GameOff2021/Content/Blueprints/Interfaces/BPI_PlayerInterface.uasset" 636
"D:/UnrealProjects/GameOff2021/Content/Blueprints/Interfaces/BPI_PlayerInterface.uexp" 637
"D:/UnrealProjects/GameOff2021/Content/Blueprints/InvertEffect/M_InvertEffect.uasset" 638
"D:/UnrealProjects/GameOff2021/Content/Blueprints/InvertEffect/M_InvertEffect.uexp" 639
"D:/UnrealProjects/GameOff2021/Content/Sprites/Bug/DefaultSpriteMaterial.uasset" 640
"D:/UnrealProjects/GameOff2021/Content/Sprites/Bug/DefaultSpriteMaterial.uexp" 641
"../../../Engine/Content/BasicShapes/Plane.uasset" 642
"../../../Engine/Content/BasicShapes/Plane.uexp" 643
"../../../Engine/Content/BasicShapes/Sphere.uasset" 644
"../../../Engine/Content/BasicShapes/Sphere.uexp" 645
"D:/UnrealProjects/GameOff2021/Content/SFX/Pingus/Pingus6.uasset" 646
"D:/UnrealProjects/GameOff2021/Content/SFX/Pingus/Pingus6.uexp" 647
"D:/UnrealProjects/GameOff2021/Content/SFX/Pingus/Pingus5.uasset" 648
"D:/UnrealProjects/GameOff2021/Content/SFX/Pingus/Pingus5.uexp" 649
"D:/UnrealProjects/GameOff2021/Content/SFX/Pingus/Pingus4.uasset" 650
"D:/UnrealProjects/GameOff2021/Content/SFX/Pingus/Pingus4.uexp" 651
"D:/UnrealProjects/GameOff2021/Content/SFX/Pingus/SC_PingusDeathRandom.uasset" 652
"D:/UnrealProjects/GameOff2021/Content/SFX/Pingus/SC_PingusDeathRandom.uexp" 653
"D:/UnrealProjects/GameOff2021/Content/Blueprints/Powerups/E_PowerUpsEnum.uasset" 654
"D:/UnrealProjects/GameOff2021/Content/Blueprints/Powerups/E_PowerUpsEnum.uexp" 655
"D:/UnrealProjects/GameOff2021/Content/SFX/Environment/BubbleBurst3.uasset" 656
"D:/UnrealProjects/GameOff2021/Content/SFX/Environment/BubbleBurst3.uexp" 657
"D:/UnrealProjects/GameOff2021/Content/SFX/Environment/BubbleBurst1.uasset" 658
"D:/UnrealProjects/GameOff2021/Content/SFX/Environment/BubbleBurst1.uexp" 659
"D:/UnrealProjects/GameOff2021/Content/SFX/Environment/SC_BubbleBurst.uasset" 660
"D:/UnrealProjects/GameOff2021/Content/SFX/Environment/SC_BubbleBurst.uexp" 661
"D:/UnrealProjects/GameOff2021/Content/SFX/BFXR/Hit_Hurt.uasset" 662
"D:/UnrealProjects/GameOff2021/Content/SFX/BFXR/Hit_Hurt.uexp" 663
"D:/UnrealProjects/GameOff2021/Content/2DSideScrollerBP/Blueprints/2DSideScrollerCharacter.uasset" 664
"D:/UnrealProjects/GameOff2021/Content/2DSideScrollerBP/Blueprints/2DSideScrollerCharacter.uexp" 665
"D:/UnrealProjects/GameOff2021/Content/Blueprints/Bug_AI/BP_BugAI.uasset" 666
"D:/UnrealProjects/GameOff2021/Content/Blueprints/Bug_AI/BP_BugAI.uexp" 667
"D:/UnrealProjects/GameOff2021/Content/Widgets/WB_CountDown.uasset" 668
"D:/UnrealProjects/GameOff2021/Content/Widgets/WB_CountDown.uexp" 669
"D:/UnrealProjects/GameOff2021/Content/Widgets/WB_Level_Intro.uasset" 670
"D:/UnrealProjects/GameOff2021/Content/Widgets/WB_Level_Intro.uexp" 671
"D:/UnrealProjects/GameOff2021/Content/Widgets/WB_TextBox.uasset" 672
"D:/UnrealProjects/GameOff2021/Content/Widgets/WB_TextBox.uexp" 673
"D:/UnrealProjects/GameOff2021/Content/Sprites/Floor/FloorTop.uasset" 674
"D:/UnrealProjects/GameOff2021/Content/Sprites/Floor/FloorTop.uexp" 675
"D:/UnrealProjects/GameOff2021/Content/Sprites/Floor/FloorTop_Sprite_0.uasset" 676
"D:/UnrealProjects/GameOff2021/Content/Sprites/Floor/FloorTop_Sprite_0.uexp" 677
"D:/UnrealProjects/GameOff2021/Content/Sprites/Floor/FloorBottom.uasset" 678
"D:/UnrealProjects/GameOff2021/Content/Sprites/Floor/FloorBottom.uexp" 679
"D:/UnrealProjects/GameOff2021/Content/Sprites/Floor/FloorBottom_Sprite_0.uasset" 680
"D:/UnrealProjects/GameOff2021/Content/Sprites/Floor/FloorBottom_Sprite_0.uexp" 681
"D:/UnrealProjects/GameOff2021/Content/Sprites/Floor/CrackedWall.uasset" 682
"D:/UnrealProjects/GameOff2021/Content/Sprites/Floor/CrackedWall.uexp" 683
"D:/UnrealProjects/GameOff2021/Content/Sprites/Floor/CrackedWall_Sprite_0.uasset" 684
"D:/UnrealProjects/GameOff2021/Content/Sprites/Floor/CrackedWall_Sprite_0.uexp" 685
"D:/UnrealProjects/GameOff2021/Content/Sprites/Floor/Ceiling_SpriteEnd.uasset" 686
"D:/UnrealProjects/GameOff2021/Content/Sprites/Floor/Ceiling_SpriteEnd.uexp" 687
"D:/UnrealProjects/GameOff2021/Content/Sprites/Floor/Ceiling_SpriteEnd_Sprite_0.uasset" 688
"D:/UnrealProjects/GameOff2021/Content/Sprites/Floor/Ceiling_SpriteEnd_Sprite_0.uexp" 689
"D:/UnrealProjects/GameOff2021/Content/Sprites/Floor/Ceiling_Sprite2.uasset" 690
"D:/UnrealProjects/GameOff2021/Content/Sprites/Floor/Ceiling_Sprite2.uexp" 691
"D:/UnrealProjects/GameOff2021/Content/Sprites/Floor/Ceiling_Sprite2_Sprite_0.uasset" 692
"D:/UnrealProjects/GameOff2021/Content/Sprites/Floor/Ceiling_Sprite2_Sprite_0.uexp" 693
"D:/UnrealProjects/GameOff2021/Content/Sprites/Background/Icicle/Icicle.uasset" 694
"D:/UnrealProjects/GameOff2021/Content/Sprites/Background/Icicle/Icicle.uexp" 695
"D:/UnrealProjects/GameOff2021/Content/Sprites/Background/Icicle/Icicle_Sprite_0.uasset" 696
"D:/UnrealProjects/GameOff2021/Content/Sprites/Background/Icicle/Icicle_Sprite_0.uexp" 697
"D:/UnrealProjects/GameOff2021/Content/Sprites/Background/Iceberg/Iceberg.uasset" 698
"D:/UnrealProjects/GameOff2021/Content/Sprites/Background/Iceberg/Iceberg.uexp" 699
"D:/UnrealProjects/GameOff2021/Content/Sprites/Background/Iceberg/Iceberg_Sprite_4.uasset" 700
"D:/UnrealProjects/GameOff2021/Content/Sprites/Background/Iceberg/Iceberg_Sprite_4.uexp" 701
"D:/UnrealProjects/GameOff2021/Content/Sprites/Background/Iceberg/Iceberg_Sprite_3.uasset" 702
"D:/UnrealProjects/GameOff2021/Content/Sprites/Background/Iceberg/Iceberg_Sprite_3.uexp" 703
"D:/UnrealProjects/GameOff2021/Content/Sprites/Background/Iceberg/Iceberg_Sprite_2.uasset" 704
"D:/UnrealProjects/GameOff2021/Content/Sprites/Background/Iceberg/Iceberg_Sprite_2.uexp" 705
"D:/UnrealProjects/GameOff2021/Content/Sprites/Background/Iceberg/Iceberg_Sprite_1.uasset" 706
"D:/UnrealProjects/GameOff2021/Content/Sprites/Background/Iceberg/Iceberg_Sprite_1.uexp" 707
"D:/UnrealProjects/GameOff2021/Content/Sprites/Background/Iceberg/Iceberg_Sprite_0.uasset" 708
"D:/UnrealProjects/GameOff2021/Content/Sprites/Background/Iceberg/Iceberg_Sprite_0.uexp" 709
"D:/UnrealProjects/GameOff2021/Content/Sprites/Background/Iceberg/FB_Iceberg.uasset" 710
"D:/UnrealProjects/GameOff2021/Content/Sprites/Background/Iceberg/FB_Iceberg.uexp" 711
"D:/UnrealProjects/GameOff2021/Content/Sprites/Background/Ice/Ice.uasset" 712
"D:/UnrealProjects/GameOff2021/Content/Sprites/Background/Ice/Ice.uexp" 713
"D:/UnrealProjects/GameOff2021/Content/Sprites/Background/Ice/Ice_Sprite_4.uasset" 714
"D:/UnrealProjects/GameOff2021/Content/Sprites/Background/Ice/Ice_Sprite_4.uexp" 715
"D:/UnrealProjects/GameOff2021/Content/Sprites/Background/Ice/Ice_Sprite_3.uasset" 716
"D:/UnrealProjects/GameOff2021/Content/Sprites/Background/Ice/Ice_Sprite_3.uexp" 717
"D:/UnrealProjects/GameOff2021/Content/Sprites/Background/Ice/Ice_Sprite_2.uasset" 718
"D:/UnrealProjects/GameOff2021/Content/Sprites/Background/Ice/Ice_Sprite_2.uexp" 719
"D:/UnrealProjects/GameOff2021/Content/Sprites/Background/Ice/Ice_Sprite_1.uasset" 720
"D:/UnrealProjects/GameOff2021/Content/Sprites/Background/Ice/Ice_Sprite_1.uexp" 721
"D:/UnrealProjects/GameOff2021/Content/Sprites/Background/Ice/Ice_Sprite_0.uasset" 722
"D:/UnrealProjects/GameOff2021/Content/Sprites/Background/Ice/Ice_Sprite_0.uexp" 723
"D:/UnrealProjects/GameOff2021/Content/Sprites/Background/Ice/Animation/Ice3/Ice3.uasset" 724
"D:/UnrealProjects/GameOff2021/Content/Sprites/Background/Ice/Animation/Ice3/Ice3.uexp" 725
"D:/UnrealProjects/GameOff2021/Content/Sprites/Background/Ice/Animation/Ice3/Ice3_Sprite_2.uasset" 726
"D:/UnrealProjects/GameOff2021/Content/Sprites/Background/Ice/Animation/Ice3/Ice3_Sprite_2.uexp" 727
"D:/UnrealProjects/GameOff2021/Content/Sprites/Background/Ice/Animation/Ice3/Ice3_Sprite_1.uasset" 728
"D:/UnrealProjects/GameOff2021/Content/Sprites/Background/Ice/Animation/Ice3/Ice3_Sprite_1.uexp" 729
"D:/UnrealProjects/GameOff2021/Content/Sprites/Background/Ice/Animation/Ice3/Ice3_Sprite_0.uasset" 730
"D:/UnrealProjects/GameOff2021/Content/Sprites/Background/Ice/Animation/Ice3/Ice3_Sprite_0.uexp" 731
"D:/UnrealProjects/GameOff2021/Content/Sprites/Background/Ice/Animation/Ice3/FB_Ice3.uasset" 732
"D:/UnrealProjects/GameOff2021/Content/Sprites/Background/Ice/Animation/Ice3/FB_Ice3.uexp" 733
"D:/UnrealProjects/GameOff2021/Content/Sprites/Background/Ice/Animation/Ice2/Ice2.uasset" 734
"D:/UnrealProjects/GameOff2021/Content/Sprites/Background/Ice/Animation/Ice2/Ice2.uexp" 735
"D:/UnrealProjects/GameOff2021/Content/Sprites/Background/Ice/Animation/Ice2/Ice2_Sprite_2.uasset" 736
"D:/UnrealProjects/GameOff2021/Content/Sprites/Background/Ice/Animation/Ice2/Ice2_Sprite_2.uexp" 737
"D:/UnrealProjects/GameOff2021/Content/Sprites/Background/Ice/Animation/Ice2/Ice2_Sprite_1.uasset" 738
"D:/UnrealProjects/GameOff2021/Content/Sprites/Background/Ice/Animation/Ice2/Ice2_Sprite_1.uexp" 739
"D:/UnrealProjects/GameOff2021/Content/Sprites/Background/Ice/Animation/Ice2/Ice2_Sprite_0.uasset" 740
"D:/UnrealProjects/GameOff2021/Content/Sprites/Background/Ice/Animation/Ice2/Ice2_Sprite_0.uexp" 741
"D:/UnrealProjects/GameOff2021/Content/Sprites/Background/Ice/Animation/Ice2/FB_Ice2.uasset" 742
"D:/UnrealProjects/GameOff2021/Content/Sprites/Background/Ice/Animation/Ice2/FB_Ice2.uexp" 743
"D:/UnrealProjects/GameOff2021/Content/Sprites/Background/Ice/Animation/Ice1/Ice1.uasset" 744
"D:/UnrealProjects/GameOff2021/Content/Sprites/Background/Ice/Animation/Ice1/Ice1.uexp" 745
"D:/UnrealProjects/GameOff2021/Content/Sprites/Background/Ice/Animation/Ice1/Ice1_Sprite_2.uasset" 746
"D:/UnrealProjects/GameOff2021/Content/Sprites/Background/Ice/Animation/Ice1/Ice1_Sprite_2.uexp" 747
"D:/UnrealProjects/GameOff2021/Content/Sprites/Background/Ice/Animation/Ice1/Ice1_Sprite_1.uasset" 748
"D:/UnrealProjects/GameOff2021/Content/Sprites/Background/Ice/Animation/Ice1/Ice1_Sprite_1.uexp" 749
"D:/UnrealProjects/GameOff2021/Content/Sprites/Background/Ice/Animation/Ice1/Ice1_Sprite_0.uasset" 750
"D:/UnrealProjects/GameOff2021/Content/Sprites/Background/Ice/Animation/Ice1/Ice1_Sprite_0.uexp" 751
"D:/UnrealProjects/GameOff2021/Content/Sprites/Background/Ice/Animation/Ice1/FB_Ice1.uasset" 752
"D:/UnrealProjects/GameOff2021/Content/Sprites/Background/Ice/Animation/Ice1/FB_Ice1.uexp" 753
"D:/UnrealProjects/GameOff2021/Content/Sprites/Background/Ground/Floorsea.uasset" 754
"D:/UnrealProjects/GameOff2021/Content/Sprites/Background/Ground/Floorsea.uexp" 755
"D:/UnrealProjects/GameOff2021/Content/Sprites/Background/Ground/Floorsea_Sprite_0.uasset" 756
"D:/UnrealProjects/GameOff2021/Content/Sprites/Background/Ground/Floorsea_Sprite_0.uexp" 757
"D:/UnrealProjects/GameOff2021/Content/Sprites/Background/Clouds/Clouds.uasset" 758
"D:/UnrealProjects/GameOff2021/Content/Sprites/Background/Clouds/Clouds.uexp" 759
"D:/UnrealProjects/GameOff2021/Content/Sprites/Background/Clouds/Clouds_Sprite_3.uasset" 760
"D:/UnrealProjects/GameOff2021/Content/Sprites/Background/Clouds/Clouds_Sprite_3.uexp" 761
"D:/UnrealProjects/GameOff2021/Content/Sprites/Background/Clouds/Clouds_Sprite_2.uasset" 762
"D:/UnrealProjects/GameOff2021/Content/Sprites/Background/Clouds/Clouds_Sprite_2.uexp" 763
"D:/UnrealProjects/GameOff2021/Content/Sprites/Background/Clouds/Clouds_Sprite_1.uasset" 764
"D:/UnrealProjects/GameOff2021/Content/Sprites/Background/Clouds/Clouds_Sprite_1.uexp" 765
"D:/UnrealProjects/GameOff2021/Content/Sprites/Background/Clouds/Clouds_Sprite_0.uasset" 766
"D:/UnrealProjects/GameOff2021/Content/Sprites/Background/Clouds/Clouds_Sprite_0.uexp" 767
"D:/UnrealProjects/GameOff2021/Content/Sprites/Background/BackgroundImage/Background_Sunset.uasset" 768
"D:/UnrealProjects/GameOff2021/Content/Sprites/Background/BackgroundImage/Background_Sunset.uexp" 769
"D:/UnrealProjects/GameOff2021/Content/Sprites/Background/BackgroundImage/Background_Sunset_Sprite_0.uasset" 770
"D:/UnrealProjects/GameOff2021/Content/Sprites/Background/BackgroundImage/Background_Sunset_Sprite_0.uexp" 771
"D:/UnrealProjects/GameOff2021/Content/Music/Level1/Free_Synthwave_Loop.uasset" 772
"D:/UnrealProjects/GameOff2021/Content/Music/Level1/Free_Synthwave_Loop.uexp" 773
"D:/UnrealProjects/GameOff2021/Content/2DSideScrollerBP/Maps/TheArctic_BuiltData.uasset" 774
"D:/UnrealProjects/GameOff2021/Content/2DSideScrollerBP/Maps/TheArctic_BuiltData.uexp" 775
"D:/UnrealProjects/GameOff2021/Content/Sprites/Popsicle/Popcicle_Sprite.uasset" 776
"D:/UnrealProjects/GameOff2021/Content/Sprites/Popsicle/Popcicle_Sprite.uexp" 777
"D:/UnrealProjects/GameOff2021/Content/Blueprints/Powerups/BP_PowerUp.uasset" 778
"D:/UnrealProjects/GameOff2021/Content/Blueprints/Powerups/BP_PowerUp.uexp" 779
"D:/UnrealProjects/GameOff2021/Content/Sprites/PowerupsSprite/Fish_Sprite_0.uasset" 780
"D:/UnrealProjects/GameOff2021/Content/Sprites/PowerupsSprite/Fish_Sprite_0.uexp" 781
"D:/UnrealProjects/GameOff2021/Content/Blueprints/Powerups/BP_Invincibility.uasset" 782
"D:/UnrealProjects/GameOff2021/Content/Blueprints/Powerups/BP_Invincibility.uexp" 783
"D:/UnrealProjects/GameOff2021/Content/Sprites/TunaCan/TunaCan.uasset" 784
"D:/UnrealProjects/GameOff2021/Content/Sprites/TunaCan/TunaCan.uexp" 785
"D:/UnrealProjects/GameOff2021/Content/Sprites/TunaCan/TunaCan_Sprite_0.uasset" 786
"D:/UnrealProjects/GameOff2021/Content/Sprites/TunaCan/TunaCan_Sprite_0.uexp" 787
"D:/UnrealProjects/GameOff2021/Content/SFX/BFXR/Pickup_Coin8.uasset" 788
"D:/UnrealProjects/GameOff2021/Content/SFX/BFXR/Pickup_Coin8.uexp" 789
"D:/UnrealProjects/GameOff2021/Content/SFX/BFXR/Pickup_Coin.uasset" 790
"D:/UnrealProjects/GameOff2021/Content/SFX/BFXR/Pickup_Coin.uexp" 791
"D:/UnrealProjects/GameOff2021/Content/SFX/BFXR/SC_TunaPickup.uasset" 792
"D:/UnrealProjects/GameOff2021/Content/SFX/BFXR/SC_TunaPickup.uexp" 793
"D:/UnrealProjects/GameOff2021/Content/Blueprints/Environment/BP_TunaCan.uasset" 794
"D:/UnrealProjects/GameOff2021/Content/Blueprints/Environment/BP_TunaCan.uexp" 795
"D:/UnrealProjects/GameOff2021/Content/Sprites/Seal/Seal.uasset" 796
"D:/UnrealProjects/GameOff2021/Content/Sprites/Seal/Seal.uexp" 797
"D:/UnrealProjects/GameOff2021/Content/Sprites/Seal/Seal_Sprite_0.uasset" 798
"D:/UnrealProjects/GameOff2021/Content/Sprites/Seal/Seal_Sprite_0.uexp" 799
"D:/UnrealProjects/GameOff2021/Content/SFX/Pingus/Seal.uasset" 800
"D:/UnrealProjects/GameOff2021/Content/SFX/Pingus/Seal.uexp" 801
"D:/UnrealProjects/GameOff2021/Content/SFX/Pingus/SC_Seal.uasset" 802
"D:/UnrealProjects/GameOff2021/Content/SFX/Pingus/SC_Seal.uexp" 803
"D:/UnrealProjects/GameOff2021/Content/Blueprints/Environment/BP_Seal.uasset" 804
"D:/UnrealProjects/GameOff2021/Content/Blueprints/Environment/BP_Seal.uexp" 805
"D:/UnrealProjects/GameOff2021/Content/Sprites/Oil/Oil.uasset" 806
"D:/UnrealProjects/GameOff2021/Content/Sprites/Oil/Oil.uexp" 807
"D:/UnrealProjects/GameOff2021/Content/Sprites/Oil/Oil_Sprite_0.uasset" 808
"D:/UnrealProjects/GameOff2021/Content/Sprites/Oil/Oil_Sprite_0.uexp" 809
"D:/UnrealProjects/GameOff2021/Content/Blueprints/Environment/BP_Oil.uasset" 810
"D:/UnrealProjects/GameOff2021/Content/Blueprints/Environment/BP_Oil.uexp" 811
"D:/UnrealProjects/GameOff2021/Content/Blueprints/Environment/BP_Icicle.uasset" 812
"D:/UnrealProjects/GameOff2021/Content/Blueprints/Environment/BP_Icicle.uexp" 813
"D:/UnrealProjects/GameOff2021/Content/Widgets/WB_EndLevel.uasset" 814
"D:/UnrealProjects/GameOff2021/Content/Widgets/WB_EndLevel.uexp" 815
"D:/UnrealProjects/GameOff2021/Content/Sprites/Spray/Spray.uasset" 816
"D:/UnrealProjects/GameOff2021/Content/Sprites/Spray/Spray.uexp" 817
"D:/UnrealProjects/GameOff2021/Content/Sprites/Spray/Spray_Sprite.uasset" 818
"D:/UnrealProjects/GameOff2021/Content/Sprites/Spray/Spray_Sprite.uexp" 819
"D:/UnrealProjects/GameOff2021/Content/Sprites/LadyPingus/Lady_pingus.uasset" 820
"D:/UnrealProjects/GameOff2021/Content/Sprites/LadyPingus/Lady_pingus.uexp" 821
"D:/UnrealProjects/GameOff2021/Content/Sprites/LadyPingus/Lady_pingus_Sprite_1.uasset" 822
"D:/UnrealProjects/GameOff2021/Content/Sprites/LadyPingus/Lady_pingus_Sprite_1.uexp" 823
"D:/UnrealProjects/GameOff2021/Content/Sprites/LadyPingus/Lady_pingus_Sprite_0.uasset" 824
"D:/UnrealProjects/GameOff2021/Content/Sprites/LadyPingus/Lady_pingus_Sprite_0.uexp" 825
"D:/UnrealProjects/GameOff2021/Content/Sprites/LadyPingus/FB_LadyPingus_Idle.uasset" 826
"D:/UnrealProjects/GameOff2021/Content/Sprites/LadyPingus/FB_LadyPingus_Idle.uexp" 827
"D:/UnrealProjects/GameOff2021/Content/Sprites/Dingus/Dingus4.uasset" 828
"D:/UnrealProjects/GameOff2021/Content/Sprites/Dingus/Dingus4.uexp" 829
"D:/UnrealProjects/GameOff2021/Content/Blueprints/Environment/BP_Goal.uasset" 830
"D:/UnrealProjects/GameOff2021/Content/Blueprints/Environment/BP_Goal.uexp" 831
"D:/UnrealProjects/GameOff2021/Content/Blueprints/Environment/BP_Floor.uasset" 832
"D:/UnrealProjects/GameOff2021/Content/Blueprints/Environment/BP_Floor.uexp" 833
"D:/UnrealProjects/GameOff2021/Content/Sprites/Skuas/Bird.uasset" 834
"D:/UnrealProjects/GameOff2021/Content/Sprites/Skuas/Bird.uexp" 835
"D:/UnrealProjects/GameOff2021/Content/Sprites/Skuas/Bird_Sprite_1.uasset" 836
"D:/UnrealProjects/GameOff2021/Content/Sprites/Skuas/Bird_Sprite_1.uexp" 837
"D:/UnrealProjects/GameOff2021/Content/Sprites/Skuas/Bird_Sprite_0.uasset" 838
"D:/UnrealProjects/GameOff2021/Content/Sprites/Skuas/Bird_Sprite_0.uexp" 839
"D:/UnrealProjects/GameOff2021/Content/Sprites/Skuas/FB_Skuas.uasset" 840
"D:/UnrealProjects/GameOff2021/Content/Sprites/Skuas/FB_Skuas.uexp" 841
"D:/UnrealProjects/GameOff2021/Content/Blueprints/Environment/BP_Bird.uasset" 842
"D:/UnrealProjects/GameOff2021/Content/Blueprints/Environment/BP_Bird.uexp" 843
"D:/UnrealProjects/GameOff2021/Content/Sprites/Background/BackgroundImage/Background.uasset" 844
"D:/UnrealProjects/GameOff2021/Content/Sprites/Background/BackgroundImage/Background.uexp" 845
"D:/UnrealProjects/GameOff2021/Content/Sprites/Background/BackgroundImage/Background_Sprite_0.uasset" 846
"D:/UnrealProjects/GameOff2021/Content/Sprites/Background/BackgroundImage/Background_Sprite_0.uexp" 847
"D:/UnrealProjects/GameOff2021/Content/2DSideScrollerBP/Blueprints/2DSideScrollerGameMode.uasset" 848
"D:/UnrealProjects/GameOff2021/Content/2DSideScrollerBP/Blueprints/2DSideScrollerGameMode.uexp" 849
"D:/UnrealProjects/GameOff2021/Content/2DSideScrollerBP/Maps/TheArctic.uexp" 850
"D:/UnrealProjects/GameOff2021/Content/2DSideScrollerBP/Maps/TheArctic.umap" 851
"D:/UnrealProjects/GameOff2021/Content/Sprites/MissingTexture/MissingTexture.uasset" 852
"D:/UnrealProjects/GameOff2021/Content/Sprites/MissingTexture/MissingTexture.uexp" 853
"D:/UnrealProjects/GameOff2021/Content/Sprites/MissingTexture/MissingTexture_Sprite.uasset" 854
"D:/UnrealProjects/GameOff2021/Content/Sprites/MissingTexture/MissingTexture_Sprite.uexp" 855
"D:/UnrealProjects/GameOff2021/Content/Sprites/DesertPlatform/DesertPlatform.uasset" 856
"D:/UnrealProjects/GameOff2021/Content/Sprites/DesertPlatform/DesertPlatform.uexp" 857
"D:/UnrealProjects/GameOff2021/Content/Sprites/DesertPlatform/DesertPlatform_Sprite.uasset" 858
"D:/UnrealProjects/GameOff2021/Content/Sprites/DesertPlatform/DesertPlatform_Sprite.uexp" 859
"D:/UnrealProjects/GameOff2021/Content/Music/Level3/Free_Game_Loop.uasset" 860
"D:/UnrealProjects/GameOff2021/Content/Music/Level3/Free_Game_Loop.uexp" 861
"D:/UnrealProjects/GameOff2021/Content/Sprites/Mummy/Mummy.uasset" 862
"D:/UnrealProjects/GameOff2021/Content/Sprites/Mummy/Mummy.uexp" 863
"D:/UnrealProjects/GameOff2021/Content/Sprites/Mummy/Mummy_Sprite_3.uasset" 864
"D:/UnrealProjects/GameOff2021/Content/Sprites/Mummy/Mummy_Sprite_3.uexp" 865
"D:/UnrealProjects/GameOff2021/Content/Sprites/Mummy/Mummy_Sprite_2.uasset" 866
"D:/UnrealProjects/GameOff2021/Content/Sprites/Mummy/Mummy_Sprite_2.uexp" 867
"D:/UnrealProjects/GameOff2021/Content/Sprites/Mummy/Mummy_Sprite_0.uasset" 868
"D:/UnrealProjects/GameOff2021/Content/Sprites/Mummy/Mummy_Sprite_0.uexp" 869
"D:/UnrealProjects/GameOff2021/Content/Sprites/Mummy/Mummy_Sprite_1.uasset" 870
"D:/UnrealProjects/GameOff2021/Content/Sprites/Mummy/Mummy_Sprite_1.uexp" 871
"D:/UnrealProjects/GameOff2021/Content/Sprites/Mummy/FB_Mummy_Run.uasset" 872
"D:/UnrealProjects/GameOff2021/Content/Sprites/Mummy/FB_Mummy_Run.uexp" 873
"D:/UnrealProjects/GameOff2021/Content/Sprites/Mummy/FB_Mummy_Idle.uasset" 874
"D:/UnrealProjects/GameOff2021/Content/Sprites/Mummy/FB_Mummy_Idle.uexp" 875
"D:/UnrealProjects/GameOff2021/Content/SFX/Environment/MummyAttack3.uasset" 876
"D:/UnrealProjects/GameOff2021/Content/SFX/Environment/MummyAttack3.uexp" 877
"D:/UnrealProjects/GameOff2021/Content/SFX/Environment/MummyAttack2.uasset" 878
"D:/UnrealProjects/GameOff2021/Content/SFX/Environment/MummyAttack2.uexp" 879
"D:/UnrealProjects/GameOff2021/Content/SFX/Environment/SC_MummyAttack.uasset" 880
"D:/UnrealProjects/GameOff2021/Content/SFX/Environment/SC_MummyAttack.uexp" 881
"D:/UnrealProjects/GameOff2021/Content/Blueprints/Environment/BP_Mummy.uasset" 882
"D:/UnrealProjects/GameOff2021/Content/Blueprints/Environment/BP_Mummy.uexp" 883
"D:/UnrealProjects/GameOff2021/Content/Sprites/Background/Clouds/Faces/FaceClouds.uasset" 884
"D:/UnrealProjects/GameOff2021/Content/Sprites/Background/Clouds/Faces/FaceClouds.uexp" 885
"D:/UnrealProjects/GameOff2021/Content/Sprites/Background/Clouds/Faces/FaceClouds_Sprite_1.uasset" 886
"D:/UnrealProjects/GameOff2021/Content/Sprites/Background/Clouds/Faces/FaceClouds_Sprite_1.uexp" 887
"D:/UnrealProjects/GameOff2021/Content/SFX/Environment/CloudSound3.uasset" 888
"D:/UnrealProjects/GameOff2021/Content/SFX/Environment/CloudSound3.uexp" 889
"D:/UnrealProjects/GameOff2021/Content/SFX/Environment/CloudSound2.uasset" 890
"D:/UnrealProjects/GameOff2021/Content/SFX/Environment/CloudSound2.uexp" 891
"D:/UnrealProjects/GameOff2021/Content/SFX/Environment/CloudSound1.uasset" 892
"D:/UnrealProjects/GameOff2021/Content/SFX/Environment/CloudSound1.uexp" 893
"D:/UnrealProjects/GameOff2021/Content/SFX/Environment/SC_CloudSound.uasset" 894
"D:/UnrealProjects/GameOff2021/Content/SFX/Environment/SC_CloudSound.uexp" 895
"D:/UnrealProjects/GameOff2021/Content/Sprites/Background/Clouds/Faces/FaceClouds_Sprite_0.uasset" 896
"D:/UnrealProjects/GameOff2021/Content/Sprites/Background/Clouds/Faces/FaceClouds_Sprite_0.uexp" 897
"D:/UnrealProjects/GameOff2021/Content/Blueprints/Environment/BP_JumpClouds.uasset" 898
"D:/UnrealProjects/GameOff2021/Content/Blueprints/Environment/BP_JumpClouds.uexp" 899
"D:/UnrealProjects/GameOff2021/Content/Sprites/Cactus/Cactus3.uasset" 900
"D:/UnrealProjects/GameOff2021/Content/Sprites/Cactus/Cactus3.uexp" 901
"D:/UnrealProjects/GameOff2021/Content/Sprites/Cactus/Cactus3_Sprite.uasset" 902
"D:/UnrealProjects/GameOff2021/Content/Sprites/Cactus/Cactus3_Sprite.uexp" 903
"D:/UnrealProjects/GameOff2021/Content/Blueprints/Environment/BP_Cactus.uasset" 904
"D:/UnrealProjects/GameOff2021/Content/Blueprints/Environment/BP_Cactus.uexp" 905
"D:/UnrealProjects/GameOff2021/Content/Blueprints/Bug_AI/BP_Decoy.uasset" 906
"D:/UnrealProjects/GameOff2021/Content/Blueprints/Bug_AI/BP_Decoy.uexp" 907
"D:/UnrealProjects/GameOff2021/Content/2DSideScrollerBP/Maps/Unknown.uexp" 908
"D:/UnrealProjects/GameOff2021/Content/2DSideScrollerBP/Maps/Unknown.umap" 909
"D:/UnrealProjects/GameOff2021/Content/Sprites/Floor/DesertFloorBottom.uasset" 910
"D:/UnrealProjects/GameOff2021/Content/Sprites/Floor/DesertFloorBottom.uexp" 911
"D:/UnrealProjects/GameOff2021/Content/Sprites/Floor/DesertFloorBottom_Sprite.uasset" 912
"D:/UnrealProjects/GameOff2021/Content/Sprites/Floor/DesertFloorBottom_Sprite.uexp" 913
"D:/UnrealProjects/GameOff2021/Content/Sprites/Floor/DesertFloor.uasset" 914
"D:/UnrealProjects/GameOff2021/Content/Sprites/Floor/DesertFloor.uexp" 915
"D:/UnrealProjects/GameOff2021/Content/Sprites/Floor/DesertFloor_Sprite.uasset" 916
"D:/UnrealProjects/GameOff2021/Content/Sprites/Floor/DesertFloor_Sprite.uexp" 917
"D:/UnrealProjects/GameOff2021/Content/Sprites/Dingus/Dingus_idle.uasset" 918
"D:/UnrealProjects/GameOff2021/Content/Sprites/Dingus/Dingus_idle.uexp" 919
"D:/UnrealProjects/GameOff2021/Content/Sprites/Dingus/Dingus_idle_Sprite_0.uasset" 920
"D:/UnrealProjects/GameOff2021/Content/Sprites/Dingus/Dingus_idle_Sprite_0.uexp" 921
"../../../Engine/Content/BasicShapes/BasicShapeMaterial.uasset" 922
"../../../Engine/Content/BasicShapes/BasicShapeMaterial.uexp" 923
"../../../Engine/Content/BasicShapes/Cube.uasset" 924
"../../../Engine/Content/BasicShapes/Cube.uexp" 925
"D:/UnrealProjects/GameOff2021/Content/Music/Level2/Free_8-bit_loop.uasset" 926
"D:/UnrealProjects/GameOff2021/Content/Music/Level2/Free_8-bit_loop.uexp" 927
"D:/UnrealProjects/GameOff2021/Content/Sprites/QuickSand/Quicksand.uasset" 928
"D:/UnrealProjects/GameOff2021/Content/Sprites/QuickSand/Quicksand.uexp" 929
"D:/UnrealProjects/GameOff2021/Content/Sprites/QuickSand/Quicksand_Sprite_1.uasset" 930
"D:/UnrealProjects/GameOff2021/Content/Sprites/QuickSand/Quicksand_Sprite_1.uexp" 931
"D:/UnrealProjects/GameOff2021/Content/Sprites/QuickSand/Quicksand_Sprite_0.uasset" 932
"D:/UnrealProjects/GameOff2021/Content/Sprites/QuickSand/Quicksand_Sprite_0.uexp" 933
"D:/UnrealProjects/GameOff2021/Content/Sprites/QuickSand/FB_Quicksand.uasset" 934
"D:/UnrealProjects/GameOff2021/Content/Sprites/QuickSand/FB_Quicksand.uexp" 935
"D:/UnrealProjects/GameOff2021/Content/Blueprints/Environment/BP_Quicksand.uasset" 936
"D:/UnrealProjects/GameOff2021/Content/Blueprints/Environment/BP_Quicksand.uexp" 937
"D:/UnrealProjects/GameOff2021/Content/Sprites/Cobra/Cobra.uasset" 938
"D:/UnrealProjects/GameOff2021/Content/Sprites/Cobra/Cobra.uexp" 939
"D:/UnrealProjects/GameOff2021/Content/Sprites/Cobra/Cobra_Sprite_3.uasset" 940
"D:/UnrealProjects/GameOff2021/Content/Sprites/Cobra/Cobra_Sprite_3.uexp" 941
"D:/UnrealProjects/GameOff2021/Content/Sprites/Cobra/Cobra_Sprite_2.uasset" 942
"D:/UnrealProjects/GameOff2021/Content/Sprites/Cobra/Cobra_Sprite_2.uexp" 943
"D:/UnrealProjects/GameOff2021/Content/Sprites/Cobra/Cobra_Sprite_1.uasset" 944
"D:/UnrealProjects/GameOff2021/Content/Sprites/Cobra/Cobra_Sprite_1.uexp" 945
"D:/UnrealProjects/GameOff2021/Content/Sprites/Cobra/Cobra_Sprite_0.uasset" 946
"D:/UnrealProjects/GameOff2021/Content/Sprites/Cobra/Cobra_Sprite_0.uexp" 947
"D:/UnrealProjects/GameOff2021/Content/Sprites/Cobra/FB_Cobra.uasset" 948
"D:/UnrealProjects/GameOff2021/Content/Sprites/Cobra/FB_Cobra.uexp" 949
"D:/UnrealProjects/GameOff2021/Content/Sprites/Cobra/Attack/CobraAttack.uasset" 950
"D:/UnrealProjects/GameOff2021/Content/Sprites/Cobra/Attack/CobraAttack.uexp" 951
"D:/UnrealProjects/GameOff2021/Content/Sprites/Cobra/Attack/CobraAttack_Sprite_7.uasset" 952
"D:/UnrealProjects/GameOff2021/Content/Sprites/Cobra/Attack/CobraAttack_Sprite_7.uexp" 953
"D:/UnrealProjects/GameOff2021/Content/Sprites/Cobra/Attack/CobraAttack_Sprite_6.uasset" 954
"D:/UnrealProjects/GameOff2021/Content/Sprites/Cobra/Attack/CobraAttack_Sprite_6.uexp" 955
"D:/UnrealProjects/GameOff2021/Content/Sprites/Cobra/Attack/CobraAttack_Sprite_5.uasset" 956
"D:/UnrealProjects/GameOff2021/Content/Sprites/Cobra/Attack/CobraAttack_Sprite_5.uexp" 957
"D:/UnrealProjects/GameOff2021/Content/Sprites/Cobra/Attack/CobraAttack_Sprite_3.uasset" 958
"D:/UnrealProjects/GameOff2021/Content/Sprites/Cobra/Attack/CobraAttack_Sprite_3.uexp" 959
"D:/UnrealProjects/GameOff2021/Content/Sprites/Cobra/Attack/CobraAttack_Sprite_0.uasset" 960
"D:/UnrealProjects/GameOff2021/Content/Sprites/Cobra/Attack/CobraAttack_Sprite_0.uexp" 961
"D:/UnrealProjects/GameOff2021/Content/Sprites/Cobra/Attack/FB_Cobra_Attack.uasset" 962
"D:/UnrealProjects/GameOff2021/Content/Sprites/Cobra/Attack/FB_Cobra_Attack.uexp" 963
"D:/UnrealProjects/GameOff2021/Content/SFX/Environment/SnakeBite3.uasset" 964
"D:/UnrealProjects/GameOff2021/Content/SFX/Environment/SnakeBite3.uexp" 965
"D:/UnrealProjects/GameOff2021/Content/SFX/Environment/SnakeBite2.uasset" 966
"D:/UnrealProjects/GameOff2021/Content/SFX/Environment/SnakeBite2.uexp" 967
"D:/UnrealProjects/GameOff2021/Content/SFX/Environment/SC_SnakeBite.uasset" 968
"D:/UnrealProjects/GameOff2021/Content/SFX/Environment/SC_SnakeBite.uexp" 969
"D:/UnrealProjects/GameOff2021/Content/Blueprints/Environment/BP_Cobra.uasset" 970
"D:/UnrealProjects/GameOff2021/Content/Blueprints/Environment/BP_Cobra.uexp" 971
"D:/UnrealProjects/GameOff2021/Content/Sprites/Background/Pyramid/Pyramid.uasset" 972
"D:/UnrealProjects/GameOff2021/Content/Sprites/Background/Pyramid/Pyramid.uexp" 973
"D:/UnrealProjects/GameOff2021/Content/Sprites/Background/Pyramid/Pyramid_Sprite_0.uasset" 974
"D:/UnrealProjects/GameOff2021/Content/Sprites/Background/Pyramid/Pyramid_Sprite_0.uexp" 975
"D:/UnrealProjects/GameOff2021/Content/Sprites/Background/Pyramid/BlackPyramid.uasset" 976
"D:/UnrealProjects/GameOff2021/Content/Sprites/Background/Pyramid/BlackPyramid.uexp" 977
"D:/UnrealProjects/GameOff2021/Content/Sprites/Background/Pyramid/BlackPyramid_Sprite.uasset" 978
"D:/UnrealProjects/GameOff2021/Content/Sprites/Background/Pyramid/BlackPyramid_Sprite.uexp" 979
"D:/UnrealProjects/GameOff2021/Content/Sprites/Background/PalmTree/Palm_tree.uasset" 980
"D:/UnrealProjects/GameOff2021/Content/Sprites/Background/PalmTree/Palm_tree.uexp" 981
"D:/UnrealProjects/GameOff2021/Content/Sprites/Background/PalmTree/Palm_tree_Sprite_0.uasset" 982
"D:/UnrealProjects/GameOff2021/Content/Sprites/Background/PalmTree/Palm_tree_Sprite_0.uexp" 983
"D:/UnrealProjects/GameOff2021/Content/Sprites/Background/Hills/Hills.uasset" 984
"D:/UnrealProjects/GameOff2021/Content/Sprites/Background/Hills/Hills.uexp" 985
"D:/UnrealProjects/GameOff2021/Content/Sprites/Background/Hills/Hills_Sprite.uasset" 986
"D:/UnrealProjects/GameOff2021/Content/Sprites/Background/Hills/Hills_Sprite.uexp" 987
"D:/UnrealProjects/GameOff2021/Content/Sprites/Background/Clouds/Faces/FaceClouds_Sprite_7.uasset" 988
"D:/UnrealProjects/GameOff2021/Content/Sprites/Background/Clouds/Faces/FaceClouds_Sprite_7.uexp" 989
"D:/UnrealProjects/GameOff2021/Content/Sprites/Background/Clouds/Faces/FaceClouds_Sprite_6.uasset" 990
"D:/UnrealProjects/GameOff2021/Content/Sprites/Background/Clouds/Faces/FaceClouds_Sprite_6.uexp" 991
"D:/UnrealProjects/GameOff2021/Content/Sprites/Background/Clouds/Faces/FaceClouds_Sprite_5.uasset" 992
"D:/UnrealProjects/GameOff2021/Content/Sprites/Background/Clouds/Faces/FaceClouds_Sprite_5.uexp" 993
"D:/UnrealProjects/GameOff2021/Content/Sprites/Background/Clouds/Faces/FaceClouds_Sprite_4.uasset" 994
"D:/UnrealProjects/GameOff2021/Content/Sprites/Background/Clouds/Faces/FaceClouds_Sprite_4.uexp" 995
"D:/UnrealProjects/GameOff2021/Content/Sprites/Background/Clouds/Faces/FaceClouds_Sprite_3.uasset" 996
"D:/UnrealProjects/GameOff2021/Content/Sprites/Background/Clouds/Faces/FaceClouds_Sprite_3.uexp" 997
"D:/UnrealProjects/GameOff2021/Content/Sprites/Background/Clouds/Faces/FaceClouds_Sprite_2.uasset" 998
"D:/UnrealProjects/GameOff2021/Content/Sprites/Background/Clouds/Faces/FaceClouds_Sprite_2.uexp" 999
"D:/UnrealProjects/GameOff2021/Content/Sprites/Background/BackgroundImage/DesertSky.uasset" 1000
"D:/UnrealProjects/GameOff2021/Content/Sprites/Background/BackgroundImage/DesertSky.uexp" 1001
"D:/UnrealProjects/GameOff2021/Content/Sprites/Background/BackgroundImage/DesertSky_Sprite.uasset" 1002
"D:/UnrealProjects/GameOff2021/Content/Sprites/Background/BackgroundImage/DesertSky_Sprite.uexp" 1003
"D:/UnrealProjects/GameOff2021/Content/Sprites/Background/BackgroundImage/DesertBackground2.uasset" 1004
"D:/UnrealProjects/GameOff2021/Content/Sprites/Background/BackgroundImage/DesertBackground2.uexp" 1005
"D:/UnrealProjects/GameOff2021/Content/Sprites/Background/BackgroundImage/DesertBackground2_Sprite.uasset" 1006
"D:/UnrealProjects/GameOff2021/Content/Sprites/Background/BackgroundImage/DesertBackground2_Sprite.uexp" 1007
"D:/UnrealProjects/GameOff2021/Content/2DSideScrollerBP/Maps/DesertLand_BuiltData.uasset" 1008
"D:/UnrealProjects/GameOff2021/Content/2DSideScrollerBP/Maps/DesertLand_BuiltData.uexp" 1009
"D:/UnrealProjects/GameOff2021/Content/2DSideScrollerBP/Maps/DesertLand.uexp" 1010
"D:/UnrealProjects/GameOff2021/Content/2DSideScrollerBP/Maps/DesertLand.umap" 1011
"../../../Engine/Content/Maps/Entry_BuiltData.uasset" 1012
"../../../Engine/Content/Maps/Entry_BuiltData.uexp" 1013
"../../../Engine/Content/Maps/Entry.uexp" 1014
"../../../Engine/Content/Maps/Entry.umap" 1015
